

Started GET "/" for 127.0.0.1 at 2015-07-19 19:26:28 +0200
Processing by WelcomeController#index as HTML
  Rendered welcome/index.html.erb within layouts/application (10.2ms)
Completed 200 OK in 1281ms (Views: 1258.6ms | ActiveRecord: 0.0ms)


Started GET "/radios/new" for 127.0.0.1 at 2015-07-19 19:26:46 +0200

ActionController::RoutingError (uninitialized constant RadiosController):
  activesupport (4.2.3) lib/active_support/inflector/methods.rb:261:in `const_get'
  activesupport (4.2.3) lib/active_support/inflector/methods.rb:261:in `block in constantize'
  activesupport (4.2.3) lib/active_support/inflector/methods.rb:259:in `each'
  activesupport (4.2.3) lib/active_support/inflector/methods.rb:259:in `inject'
  activesupport (4.2.3) lib/active_support/inflector/methods.rb:259:in `constantize'
  actionpack (4.2.3) lib/action_dispatch/routing/route_set.rb:72:in `controller_reference'
  actionpack (4.2.3) lib/action_dispatch/routing/route_set.rb:62:in `controller'
  actionpack (4.2.3) lib/action_dispatch/routing/route_set.rb:41:in `serve'
  actionpack (4.2.3) lib/action_dispatch/journey/router.rb:43:in `block in serve'
  actionpack (4.2.3) lib/action_dispatch/journey/router.rb:30:in `each'
  actionpack (4.2.3) lib/action_dispatch/journey/router.rb:30:in `serve'
  actionpack (4.2.3) lib/action_dispatch/routing/route_set.rb:821:in `call'
  rack (1.6.4) lib/rack/etag.rb:24:in `call'
  rack (1.6.4) lib/rack/conditionalget.rb:25:in `call'
  rack (1.6.4) lib/rack/head.rb:13:in `call'
  actionpack (4.2.3) lib/action_dispatch/middleware/params_parser.rb:27:in `call'
  actionpack (4.2.3) lib/action_dispatch/middleware/flash.rb:260:in `call'
  rack (1.6.4) lib/rack/session/abstract/id.rb:225:in `context'
  rack (1.6.4) lib/rack/session/abstract/id.rb:220:in `call'
  actionpack (4.2.3) lib/action_dispatch/middleware/cookies.rb:560:in `call'
  activerecord (4.2.3) lib/active_record/query_cache.rb:36:in `call'
  activerecord (4.2.3) lib/active_record/connection_adapters/abstract/connection_pool.rb:653:in `call'
  activerecord (4.2.3) lib/active_record/migration.rb:377:in `call'
  actionpack (4.2.3) lib/action_dispatch/middleware/callbacks.rb:29:in `block in call'
  activesupport (4.2.3) lib/active_support/callbacks.rb:84:in `run_callbacks'
  actionpack (4.2.3) lib/action_dispatch/middleware/callbacks.rb:27:in `call'
  actionpack (4.2.3) lib/action_dispatch/middleware/reloader.rb:73:in `call'
  actionpack (4.2.3) lib/action_dispatch/middleware/remote_ip.rb:78:in `call'
  actionpack (4.2.3) lib/action_dispatch/middleware/debug_exceptions.rb:17:in `call'
  web-console (2.2.1) lib/web_console/middleware.rb:39:in `call'
  actionpack (4.2.3) lib/action_dispatch/middleware/show_exceptions.rb:30:in `call'
  railties (4.2.3) lib/rails/rack/logger.rb:38:in `call_app'
  railties (4.2.3) lib/rails/rack/logger.rb:20:in `block in call'
  activesupport (4.2.3) lib/active_support/tagged_logging.rb:68:in `block in tagged'
  activesupport (4.2.3) lib/active_support/tagged_logging.rb:26:in `tagged'
  activesupport (4.2.3) lib/active_support/tagged_logging.rb:68:in `tagged'
  railties (4.2.3) lib/rails/rack/logger.rb:20:in `call'
  actionpack (4.2.3) lib/action_dispatch/middleware/request_id.rb:21:in `call'
  rack (1.6.4) lib/rack/methodoverride.rb:22:in `call'
  rack (1.6.4) lib/rack/runtime.rb:18:in `call'
  activesupport (4.2.3) lib/active_support/cache/strategy/local_cache_middleware.rb:28:in `call'
  rack (1.6.4) lib/rack/lock.rb:17:in `call'
  actionpack (4.2.3) lib/action_dispatch/middleware/static.rb:116:in `call'
  rack (1.6.4) lib/rack/sendfile.rb:113:in `call'
  railties (4.2.3) lib/rails/engine.rb:518:in `call'
  railties (4.2.3) lib/rails/application.rb:165:in `call'
  rack (1.6.4) lib/rack/lock.rb:17:in `call'
  rack (1.6.4) lib/rack/content_length.rb:15:in `call'
  rack (1.6.4) lib/rack/handler/webrick.rb:88:in `service'
  /usr/lib/ruby/1.9.1/webrick/httpserver.rb:138:in `service'
  /usr/lib/ruby/1.9.1/webrick/httpserver.rb:94:in `run'
  /usr/lib/ruby/1.9.1/webrick/server.rb:191:in `block in start_thread'


  Rendered /var/lib/gems/1.9.1/gems/actionpack-4.2.3/lib/action_dispatch/middleware/templates/rescues/_trace.html.erb (1.8ms)
  Rendered /var/lib/gems/1.9.1/gems/actionpack-4.2.3/lib/action_dispatch/middleware/templates/routes/_route.html.erb (0.9ms)
  Rendered /var/lib/gems/1.9.1/gems/actionpack-4.2.3/lib/action_dispatch/middleware/templates/routes/_table.html.erb (86.5ms)
  Rendered /var/lib/gems/1.9.1/gems/actionpack-4.2.3/lib/action_dispatch/middleware/templates/rescues/_request_and_response.html.erb (1.3ms)
  Rendered /var/lib/gems/1.9.1/gems/actionpack-4.2.3/lib/action_dispatch/middleware/templates/rescues/routing_error.html.erb within rescues/layout (180.6ms)
  Rendered /var/lib/gems/1.9.1/gems/web-console-2.2.1/lib/web_console/templates/_markup.html.erb (0.3ms)
  Rendered /var/lib/gems/1.9.1/gems/web-console-2.2.1/lib/web_console/templates/_inner_console_markup.html.erb within layouts/inlined_string (0.3ms)
  Rendered /var/lib/gems/1.9.1/gems/web-console-2.2.1/lib/web_console/templates/_prompt_box_markup.html.erb within layouts/inlined_string (0.2ms)
  Rendered /var/lib/gems/1.9.1/gems/web-console-2.2.1/lib/web_console/templates/style.css.erb within layouts/inlined_string (0.4ms)
  Rendered /var/lib/gems/1.9.1/gems/web-console-2.2.1/lib/web_console/templates/console.js.erb within layouts/javascript (14.8ms)
  Rendered /var/lib/gems/1.9.1/gems/web-console-2.2.1/lib/web_console/templates/main.js.erb within layouts/javascript (0.2ms)
  Rendered /var/lib/gems/1.9.1/gems/web-console-2.2.1/lib/web_console/templates/error_page.js.erb within layouts/javascript (0.4ms)
  Rendered /var/lib/gems/1.9.1/gems/web-console-2.2.1/lib/web_console/templates/index.html.erb (31.5ms)


Started GET "/radios/new" for 127.0.0.1 at 2015-07-19 19:32:32 +0200

AbstractController::ActionNotFound (The action 'new' could not be found for RadiosController):
  actionpack (4.2.3) lib/abstract_controller/base.rb:132:in `process'
  actionview (4.2.3) lib/action_view/rendering.rb:30:in `process'
  actionpack (4.2.3) lib/action_controller/metal.rb:196:in `dispatch'
  actionpack (4.2.3) lib/action_controller/metal/rack_delegation.rb:13:in `dispatch'
  actionpack (4.2.3) lib/action_controller/metal.rb:237:in `block in action'
  actionpack (4.2.3) lib/action_dispatch/routing/route_set.rb:76:in `call'
  actionpack (4.2.3) lib/action_dispatch/routing/route_set.rb:76:in `dispatch'
  actionpack (4.2.3) lib/action_dispatch/routing/route_set.rb:45:in `serve'
  actionpack (4.2.3) lib/action_dispatch/journey/router.rb:43:in `block in serve'
  actionpack (4.2.3) lib/action_dispatch/journey/router.rb:30:in `each'
  actionpack (4.2.3) lib/action_dispatch/journey/router.rb:30:in `serve'
  actionpack (4.2.3) lib/action_dispatch/routing/route_set.rb:821:in `call'
  rack (1.6.4) lib/rack/etag.rb:24:in `call'
  rack (1.6.4) lib/rack/conditionalget.rb:25:in `call'
  rack (1.6.4) lib/rack/head.rb:13:in `call'
  actionpack (4.2.3) lib/action_dispatch/middleware/params_parser.rb:27:in `call'
  actionpack (4.2.3) lib/action_dispatch/middleware/flash.rb:260:in `call'
  rack (1.6.4) lib/rack/session/abstract/id.rb:225:in `context'
  rack (1.6.4) lib/rack/session/abstract/id.rb:220:in `call'
  actionpack (4.2.3) lib/action_dispatch/middleware/cookies.rb:560:in `call'
  activerecord (4.2.3) lib/active_record/query_cache.rb:36:in `call'
  activerecord (4.2.3) lib/active_record/connection_adapters/abstract/connection_pool.rb:653:in `call'
  activerecord (4.2.3) lib/active_record/migration.rb:377:in `call'
  actionpack (4.2.3) lib/action_dispatch/middleware/callbacks.rb:29:in `block in call'
  activesupport (4.2.3) lib/active_support/callbacks.rb:84:in `run_callbacks'
  actionpack (4.2.3) lib/action_dispatch/middleware/callbacks.rb:27:in `call'
  actionpack (4.2.3) lib/action_dispatch/middleware/reloader.rb:73:in `call'
  actionpack (4.2.3) lib/action_dispatch/middleware/remote_ip.rb:78:in `call'
  actionpack (4.2.3) lib/action_dispatch/middleware/debug_exceptions.rb:17:in `call'
  web-console (2.2.1) lib/web_console/middleware.rb:39:in `call'
  actionpack (4.2.3) lib/action_dispatch/middleware/show_exceptions.rb:30:in `call'
  railties (4.2.3) lib/rails/rack/logger.rb:38:in `call_app'
  railties (4.2.3) lib/rails/rack/logger.rb:20:in `block in call'
  activesupport (4.2.3) lib/active_support/tagged_logging.rb:68:in `block in tagged'
  activesupport (4.2.3) lib/active_support/tagged_logging.rb:26:in `tagged'
  activesupport (4.2.3) lib/active_support/tagged_logging.rb:68:in `tagged'
  railties (4.2.3) lib/rails/rack/logger.rb:20:in `call'
  actionpack (4.2.3) lib/action_dispatch/middleware/request_id.rb:21:in `call'
  rack (1.6.4) lib/rack/methodoverride.rb:22:in `call'
  rack (1.6.4) lib/rack/runtime.rb:18:in `call'
  activesupport (4.2.3) lib/active_support/cache/strategy/local_cache_middleware.rb:28:in `call'
  rack (1.6.4) lib/rack/lock.rb:17:in `call'
  actionpack (4.2.3) lib/action_dispatch/middleware/static.rb:116:in `call'
  rack (1.6.4) lib/rack/sendfile.rb:113:in `call'
  railties (4.2.3) lib/rails/engine.rb:518:in `call'
  railties (4.2.3) lib/rails/application.rb:165:in `call'
  rack (1.6.4) lib/rack/lock.rb:17:in `call'
  rack (1.6.4) lib/rack/content_length.rb:15:in `call'
  rack (1.6.4) lib/rack/handler/webrick.rb:88:in `service'
  /usr/lib/ruby/1.9.1/webrick/httpserver.rb:138:in `service'
  /usr/lib/ruby/1.9.1/webrick/httpserver.rb:94:in `run'
  /usr/lib/ruby/1.9.1/webrick/server.rb:191:in `block in start_thread'


  Rendered /var/lib/gems/1.9.1/gems/actionpack-4.2.3/lib/action_dispatch/middleware/templates/rescues/unknown_action.html.erb within rescues/layout (28.8ms)
  Rendered /var/lib/gems/1.9.1/gems/web-console-2.2.1/lib/web_console/templates/_markup.html.erb (0.5ms)
  Rendered /var/lib/gems/1.9.1/gems/web-console-2.2.1/lib/web_console/templates/_inner_console_markup.html.erb within layouts/inlined_string (0.4ms)
  Rendered /var/lib/gems/1.9.1/gems/web-console-2.2.1/lib/web_console/templates/_prompt_box_markup.html.erb within layouts/inlined_string (0.4ms)
  Rendered /var/lib/gems/1.9.1/gems/web-console-2.2.1/lib/web_console/templates/style.css.erb within layouts/inlined_string (0.4ms)
  Rendered /var/lib/gems/1.9.1/gems/web-console-2.2.1/lib/web_console/templates/console.js.erb within layouts/javascript (18.8ms)
  Rendered /var/lib/gems/1.9.1/gems/web-console-2.2.1/lib/web_console/templates/main.js.erb within layouts/javascript (0.3ms)
  Rendered /var/lib/gems/1.9.1/gems/web-console-2.2.1/lib/web_console/templates/error_page.js.erb within layouts/javascript (0.4ms)
  Rendered /var/lib/gems/1.9.1/gems/web-console-2.2.1/lib/web_console/templates/index.html.erb (42.2ms)


Started GET "/radios/new" for 127.0.0.1 at 2015-07-19 19:33:45 +0200
Processing by RadiosController#new as HTML
Completed 500 Internal Server Error in 11ms (ActiveRecord: 0.0ms)

ActionView::MissingTemplate (Missing template radios/new, application/new with {:locale=>[:en], :formats=>[:html], :variants=>[], :handlers=>[:erb, :builder, :raw, :ruby, :coffee, :jbuilder]}. Searched in:
  * "/home/chorch/Proyectos/RadioStationHub/RadioStationHub/app/views"
):
  actionview (4.2.3) lib/action_view/path_set.rb:46:in `find'
  actionview (4.2.3) lib/action_view/lookup_context.rb:121:in `find'
  actionview (4.2.3) lib/action_view/renderer/abstract_renderer.rb:18:in `find_template'
  actionview (4.2.3) lib/action_view/renderer/template_renderer.rb:40:in `determine_template'
  actionview (4.2.3) lib/action_view/renderer/template_renderer.rb:8:in `render'
  actionview (4.2.3) lib/action_view/renderer/renderer.rb:42:in `render_template'
  actionview (4.2.3) lib/action_view/renderer/renderer.rb:23:in `render'
  actionview (4.2.3) lib/action_view/rendering.rb:100:in `_render_template'
  actionpack (4.2.3) lib/action_controller/metal/streaming.rb:217:in `_render_template'
  actionview (4.2.3) lib/action_view/rendering.rb:83:in `render_to_body'
  actionpack (4.2.3) lib/action_controller/metal/rendering.rb:32:in `render_to_body'
  actionpack (4.2.3) lib/action_controller/metal/renderers.rb:37:in `render_to_body'
  actionpack (4.2.3) lib/abstract_controller/rendering.rb:25:in `render'
  actionpack (4.2.3) lib/action_controller/metal/rendering.rb:16:in `render'
  actionpack (4.2.3) lib/action_controller/metal/instrumentation.rb:44:in `block (2 levels) in render'
  activesupport (4.2.3) lib/active_support/core_ext/benchmark.rb:12:in `block in ms'
  /usr/lib/ruby/1.9.1/benchmark.rb:295:in `realtime'
  activesupport (4.2.3) lib/active_support/core_ext/benchmark.rb:12:in `ms'
  actionpack (4.2.3) lib/action_controller/metal/instrumentation.rb:44:in `block in render'
  actionpack (4.2.3) lib/action_controller/metal/instrumentation.rb:87:in `cleanup_view_runtime'
  activerecord (4.2.3) lib/active_record/railties/controller_runtime.rb:25:in `cleanup_view_runtime'
  actionpack (4.2.3) lib/action_controller/metal/instrumentation.rb:43:in `render'
  actionpack (4.2.3) lib/action_controller/metal/implicit_render.rb:10:in `default_render'
  actionpack (4.2.3) lib/action_controller/metal/implicit_render.rb:5:in `send_action'
  actionpack (4.2.3) lib/abstract_controller/base.rb:198:in `process_action'
  actionpack (4.2.3) lib/action_controller/metal/rendering.rb:10:in `process_action'
  actionpack (4.2.3) lib/abstract_controller/callbacks.rb:20:in `block in process_action'
  activesupport (4.2.3) lib/active_support/callbacks.rb:115:in `call'
  activesupport (4.2.3) lib/active_support/callbacks.rb:115:in `call'
  activesupport (4.2.3) lib/active_support/callbacks.rb:553:in `block (2 levels) in compile'
  activesupport (4.2.3) lib/active_support/callbacks.rb:503:in `call'
  activesupport (4.2.3) lib/active_support/callbacks.rb:503:in `call'
  activesupport (4.2.3) lib/active_support/callbacks.rb:88:in `run_callbacks'
  actionpack (4.2.3) lib/abstract_controller/callbacks.rb:19:in `process_action'
  actionpack (4.2.3) lib/action_controller/metal/rescue.rb:29:in `process_action'
  actionpack (4.2.3) lib/action_controller/metal/instrumentation.rb:32:in `block in process_action'
  activesupport (4.2.3) lib/active_support/notifications.rb:164:in `block in instrument'
  activesupport (4.2.3) lib/active_support/notifications/instrumenter.rb:20:in `instrument'
  activesupport (4.2.3) lib/active_support/notifications.rb:164:in `instrument'
  actionpack (4.2.3) lib/action_controller/metal/instrumentation.rb:30:in `process_action'
  actionpack (4.2.3) lib/action_controller/metal/params_wrapper.rb:250:in `process_action'
  activerecord (4.2.3) lib/active_record/railties/controller_runtime.rb:18:in `process_action'
  actionpack (4.2.3) lib/abstract_controller/base.rb:137:in `process'
  actionview (4.2.3) lib/action_view/rendering.rb:30:in `process'
  actionpack (4.2.3) lib/action_controller/metal.rb:196:in `dispatch'
  actionpack (4.2.3) lib/action_controller/metal/rack_delegation.rb:13:in `dispatch'
  actionpack (4.2.3) lib/action_controller/metal.rb:237:in `block in action'
  actionpack (4.2.3) lib/action_dispatch/routing/route_set.rb:76:in `call'
  actionpack (4.2.3) lib/action_dispatch/routing/route_set.rb:76:in `dispatch'
  actionpack (4.2.3) lib/action_dispatch/routing/route_set.rb:45:in `serve'
  actionpack (4.2.3) lib/action_dispatch/journey/router.rb:43:in `block in serve'
  actionpack (4.2.3) lib/action_dispatch/journey/router.rb:30:in `each'
  actionpack (4.2.3) lib/action_dispatch/journey/router.rb:30:in `serve'
  actionpack (4.2.3) lib/action_dispatch/routing/route_set.rb:821:in `call'
  rack (1.6.4) lib/rack/etag.rb:24:in `call'
  rack (1.6.4) lib/rack/conditionalget.rb:25:in `call'
  rack (1.6.4) lib/rack/head.rb:13:in `call'
  actionpack (4.2.3) lib/action_dispatch/middleware/params_parser.rb:27:in `call'
  actionpack (4.2.3) lib/action_dispatch/middleware/flash.rb:260:in `call'
  rack (1.6.4) lib/rack/session/abstract/id.rb:225:in `context'
  rack (1.6.4) lib/rack/session/abstract/id.rb:220:in `call'
  actionpack (4.2.3) lib/action_dispatch/middleware/cookies.rb:560:in `call'
  activerecord (4.2.3) lib/active_record/query_cache.rb:36:in `call'
  activerecord (4.2.3) lib/active_record/connection_adapters/abstract/connection_pool.rb:653:in `call'
  activerecord (4.2.3) lib/active_record/migration.rb:377:in `call'
  actionpack (4.2.3) lib/action_dispatch/middleware/callbacks.rb:29:in `block in call'
  activesupport (4.2.3) lib/active_support/callbacks.rb:84:in `run_callbacks'
  actionpack (4.2.3) lib/action_dispatch/middleware/callbacks.rb:27:in `call'
  actionpack (4.2.3) lib/action_dispatch/middleware/reloader.rb:73:in `call'
  actionpack (4.2.3) lib/action_dispatch/middleware/remote_ip.rb:78:in `call'
  actionpack (4.2.3) lib/action_dispatch/middleware/debug_exceptions.rb:17:in `call'
  web-console (2.2.1) lib/web_console/middleware.rb:39:in `call'
  actionpack (4.2.3) lib/action_dispatch/middleware/show_exceptions.rb:30:in `call'
  railties (4.2.3) lib/rails/rack/logger.rb:38:in `call_app'
  railties (4.2.3) lib/rails/rack/logger.rb:20:in `block in call'
  activesupport (4.2.3) lib/active_support/tagged_logging.rb:68:in `block in tagged'
  activesupport (4.2.3) lib/active_support/tagged_logging.rb:26:in `tagged'
  activesupport (4.2.3) lib/active_support/tagged_logging.rb:68:in `tagged'
  railties (4.2.3) lib/rails/rack/logger.rb:20:in `call'
  actionpack (4.2.3) lib/action_dispatch/middleware/request_id.rb:21:in `call'
  rack (1.6.4) lib/rack/methodoverride.rb:22:in `call'
  rack (1.6.4) lib/rack/runtime.rb:18:in `call'
  activesupport (4.2.3) lib/active_support/cache/strategy/local_cache_middleware.rb:28:in `call'
  rack (1.6.4) lib/rack/lock.rb:17:in `call'
  actionpack (4.2.3) lib/action_dispatch/middleware/static.rb:116:in `call'
  rack (1.6.4) lib/rack/sendfile.rb:113:in `call'
  railties (4.2.3) lib/rails/engine.rb:518:in `call'
  railties (4.2.3) lib/rails/application.rb:165:in `call'
  rack (1.6.4) lib/rack/lock.rb:17:in `call'
  rack (1.6.4) lib/rack/content_length.rb:15:in `call'
  rack (1.6.4) lib/rack/handler/webrick.rb:88:in `service'
  /usr/lib/ruby/1.9.1/webrick/httpserver.rb:138:in `service'
  /usr/lib/ruby/1.9.1/webrick/httpserver.rb:94:in `run'
  /usr/lib/ruby/1.9.1/webrick/server.rb:191:in `block in start_thread'


  Rendered /var/lib/gems/1.9.1/gems/actionpack-4.2.3/lib/action_dispatch/middleware/templates/rescues/_source.erb (6.5ms)
  Rendered /var/lib/gems/1.9.1/gems/actionpack-4.2.3/lib/action_dispatch/middleware/templates/rescues/_trace.html.erb (2.4ms)
  Rendered /var/lib/gems/1.9.1/gems/actionpack-4.2.3/lib/action_dispatch/middleware/templates/rescues/_request_and_response.html.erb (3.1ms)
  Rendered /var/lib/gems/1.9.1/gems/actionpack-4.2.3/lib/action_dispatch/middleware/templates/rescues/missing_template.html.erb within rescues/layout (33.8ms)
  Rendered /var/lib/gems/1.9.1/gems/web-console-2.2.1/lib/web_console/templates/_markup.html.erb (0.2ms)
  Rendered /var/lib/gems/1.9.1/gems/web-console-2.2.1/lib/web_console/templates/_inner_console_markup.html.erb within layouts/inlined_string (0.2ms)
  Rendered /var/lib/gems/1.9.1/gems/web-console-2.2.1/lib/web_console/templates/_prompt_box_markup.html.erb within layouts/inlined_string (0.3ms)
  Rendered /var/lib/gems/1.9.1/gems/web-console-2.2.1/lib/web_console/templates/style.css.erb within layouts/inlined_string (0.2ms)
  Rendered /var/lib/gems/1.9.1/gems/web-console-2.2.1/lib/web_console/templates/console.js.erb within layouts/javascript (12.2ms)
  Rendered /var/lib/gems/1.9.1/gems/web-console-2.2.1/lib/web_console/templates/main.js.erb within layouts/javascript (0.2ms)
  Rendered /var/lib/gems/1.9.1/gems/web-console-2.2.1/lib/web_console/templates/error_page.js.erb within layouts/javascript (0.3ms)
  Rendered /var/lib/gems/1.9.1/gems/web-console-2.2.1/lib/web_console/templates/index.html.erb (24.9ms)


Started GET "/radios/new" for 127.0.0.1 at 2015-07-19 19:41:29 +0200
Processing by RadiosController#new as HTML
  Rendered radios/new.html.erb within layouts/application (0.3ms)
Completed 200 OK in 281ms (Views: 280.8ms | ActiveRecord: 0.0ms)


Started GET "/assets/radios.self-e3b0c44298fc1c149afbf4c8996fb92427ae41e4649b934ca495991b7852b855.css?body=1" for 127.0.0.1 at 2015-07-19 19:41:30 +0200


Started GET "/assets/radios.self-877aef30ae1b040ab8a3aba4e3e309a11d7f2612f44dde450b5c157aa5f95c05.js?body=1" for 127.0.0.1 at 2015-07-19 19:41:30 +0200


Started GET "/assets/welcome.self-e3b0c44298fc1c149afbf4c8996fb92427ae41e4649b934ca495991b7852b855.css?body=1" for 127.0.0.1 at 2015-07-19 19:41:30 +0200


Started GET "/assets/application.self-e80e8f2318043e8af94dddc2adad5a4f09739a8ebb323b3ab31cd71d45fd9113.css?body=1" for 127.0.0.1 at 2015-07-19 19:41:30 +0200


Started GET "/assets/welcome.self-877aef30ae1b040ab8a3aba4e3e309a11d7f2612f44dde450b5c157aa5f95c05.js?body=1" for 127.0.0.1 at 2015-07-19 19:41:30 +0200


Started GET "/assets/jquery.self-d03a5518f45df77341bdbe6201ba3bfa547ebba8ed64f0ea56bfa5f96ea7c074.js?body=1" for 127.0.0.1 at 2015-07-19 19:41:30 +0200


Started GET "/assets/turbolinks.self-c37727e9bd6b2735da5c311aa83fead54ed0be6cc8bd9a65309e9c5abe2cbfff.js?body=1" for 127.0.0.1 at 2015-07-19 19:41:30 +0200


Started GET "/assets/jquery_ujs.self-ca5248a2fad13d6bd58ea121318d642f195f0b2dd818b30615f785ff365e8d1f.js?body=1" for 127.0.0.1 at 2015-07-19 19:41:30 +0200


Started GET "/assets/application.self-3b8dabdc891efe46b9a144b400ad69e37d7e5876bdc39dee783419a69d7ca819.js?body=1" for 127.0.0.1 at 2015-07-19 19:41:30 +0200


Started GET "/radios/new" for 127.0.0.1 at 2015-07-19 19:49:57 +0200
Processing by RadiosController#new as HTML
  Rendered radios/new.html.erb within layouts/application (0.9ms)
Completed 500 Internal Server Error in 3ms (ActiveRecord: 0.0ms)

SyntaxError (/home/chorch/Proyectos/RadioStationHub/RadioStationHub/app/views/radios/new.html.erb:4: syntax error, unexpected tCONSTANT, expecting ')'
....append=( f.label :Radio Source );@output_buffer.safe_append...
...                               ^):
  app/views/radios/new.html.erb:4: syntax error, unexpected tCONSTANT, expecting ')'


  Rendered /var/lib/gems/1.9.1/gems/actionpack-4.2.3/lib/action_dispatch/middleware/templates/rescues/_source.erb (14.6ms)
  Rendered /var/lib/gems/1.9.1/gems/actionpack-4.2.3/lib/action_dispatch/middleware/templates/rescues/_trace.html.erb (4.9ms)
  Rendered /var/lib/gems/1.9.1/gems/actionpack-4.2.3/lib/action_dispatch/middleware/templates/rescues/_request_and_response.html.erb (1.1ms)
  Rendered /var/lib/gems/1.9.1/gems/actionpack-4.2.3/lib/action_dispatch/middleware/templates/rescues/diagnostics.html.erb within rescues/layout (35.6ms)
  Rendered /var/lib/gems/1.9.1/gems/web-console-2.2.1/lib/web_console/templates/_markup.html.erb (0.3ms)
  Rendered /var/lib/gems/1.9.1/gems/web-console-2.2.1/lib/web_console/templates/_inner_console_markup.html.erb within layouts/inlined_string (0.3ms)
  Rendered /var/lib/gems/1.9.1/gems/web-console-2.2.1/lib/web_console/templates/_prompt_box_markup.html.erb within layouts/inlined_string (0.4ms)
  Rendered /var/lib/gems/1.9.1/gems/web-console-2.2.1/lib/web_console/templates/style.css.erb within layouts/inlined_string (0.4ms)
  Rendered /var/lib/gems/1.9.1/gems/web-console-2.2.1/lib/web_console/templates/console.js.erb within layouts/javascript (18.0ms)
  Rendered /var/lib/gems/1.9.1/gems/web-console-2.2.1/lib/web_console/templates/main.js.erb within layouts/javascript (0.3ms)
  Rendered /var/lib/gems/1.9.1/gems/web-console-2.2.1/lib/web_console/templates/error_page.js.erb within layouts/javascript (0.4ms)
  Rendered /var/lib/gems/1.9.1/gems/web-console-2.2.1/lib/web_console/templates/index.html.erb (37.3ms)


Started GET "/radios/new" for 127.0.0.1 at 2015-07-19 19:54:23 +0200
Processing by RadiosController#new as HTML
  Rendered radios/new.html.erb within layouts/application (119.6ms)
Completed 200 OK in 144ms (Views: 143.8ms | ActiveRecord: 0.0ms)


Started GET "/assets/radios.self-e3b0c44298fc1c149afbf4c8996fb92427ae41e4649b934ca495991b7852b855.css?body=1" for 127.0.0.1 at 2015-07-19 19:54:24 +0200


Started GET "/assets/welcome.self-e3b0c44298fc1c149afbf4c8996fb92427ae41e4649b934ca495991b7852b855.css?body=1" for 127.0.0.1 at 2015-07-19 19:54:24 +0200


Started GET "/assets/jquery_ujs.self-ca5248a2fad13d6bd58ea121318d642f195f0b2dd818b30615f785ff365e8d1f.js?body=1" for 127.0.0.1 at 2015-07-19 19:54:24 +0200


Started GET "/assets/radios.self-877aef30ae1b040ab8a3aba4e3e309a11d7f2612f44dde450b5c157aa5f95c05.js?body=1" for 127.0.0.1 at 2015-07-19 19:54:24 +0200


Started GET "/assets/turbolinks.self-c37727e9bd6b2735da5c311aa83fead54ed0be6cc8bd9a65309e9c5abe2cbfff.js?body=1" for 127.0.0.1 at 2015-07-19 19:54:24 +0200


Started GET "/assets/jquery.self-d03a5518f45df77341bdbe6201ba3bfa547ebba8ed64f0ea56bfa5f96ea7c074.js?body=1" for 127.0.0.1 at 2015-07-19 19:54:24 +0200


Started GET "/assets/application.self-e80e8f2318043e8af94dddc2adad5a4f09739a8ebb323b3ab31cd71d45fd9113.css?body=1" for 127.0.0.1 at 2015-07-19 19:54:24 +0200


Started GET "/assets/welcome.self-877aef30ae1b040ab8a3aba4e3e309a11d7f2612f44dde450b5c157aa5f95c05.js?body=1" for 127.0.0.1 at 2015-07-19 19:54:24 +0200


Started GET "/assets/application.self-3b8dabdc891efe46b9a144b400ad69e37d7e5876bdc39dee783419a69d7ca819.js?body=1" for 127.0.0.1 at 2015-07-19 19:54:24 +0200


Started POST "/radios/new" for 127.0.0.1 at 2015-07-19 20:00:53 +0200

ActionController::RoutingError (No route matches [POST] "/radios/new"):
  actionpack (4.2.3) lib/action_dispatch/middleware/debug_exceptions.rb:21:in `call'
  web-console (2.2.1) lib/web_console/middleware.rb:39:in `call'
  actionpack (4.2.3) lib/action_dispatch/middleware/show_exceptions.rb:30:in `call'
  railties (4.2.3) lib/rails/rack/logger.rb:38:in `call_app'
  railties (4.2.3) lib/rails/rack/logger.rb:20:in `block in call'
  activesupport (4.2.3) lib/active_support/tagged_logging.rb:68:in `block in tagged'
  activesupport (4.2.3) lib/active_support/tagged_logging.rb:26:in `tagged'
  activesupport (4.2.3) lib/active_support/tagged_logging.rb:68:in `tagged'
  railties (4.2.3) lib/rails/rack/logger.rb:20:in `call'
  actionpack (4.2.3) lib/action_dispatch/middleware/request_id.rb:21:in `call'
  rack (1.6.4) lib/rack/methodoverride.rb:22:in `call'
  rack (1.6.4) lib/rack/runtime.rb:18:in `call'
  activesupport (4.2.3) lib/active_support/cache/strategy/local_cache_middleware.rb:28:in `call'
  rack (1.6.4) lib/rack/lock.rb:17:in `call'
  actionpack (4.2.3) lib/action_dispatch/middleware/static.rb:116:in `call'
  rack (1.6.4) lib/rack/sendfile.rb:113:in `call'
  railties (4.2.3) lib/rails/engine.rb:518:in `call'
  railties (4.2.3) lib/rails/application.rb:165:in `call'
  rack (1.6.4) lib/rack/lock.rb:17:in `call'
  rack (1.6.4) lib/rack/content_length.rb:15:in `call'
  rack (1.6.4) lib/rack/handler/webrick.rb:88:in `service'
  /usr/lib/ruby/1.9.1/webrick/httpserver.rb:138:in `service'
  /usr/lib/ruby/1.9.1/webrick/httpserver.rb:94:in `run'
  /usr/lib/ruby/1.9.1/webrick/server.rb:191:in `block in start_thread'


  Rendered /var/lib/gems/1.9.1/gems/actionpack-4.2.3/lib/action_dispatch/middleware/templates/rescues/_trace.html.erb (2.3ms)
  Rendered /var/lib/gems/1.9.1/gems/actionpack-4.2.3/lib/action_dispatch/middleware/templates/routes/_route.html.erb (1.5ms)
  Rendered /var/lib/gems/1.9.1/gems/actionpack-4.2.3/lib/action_dispatch/middleware/templates/routes/_table.html.erb (7.4ms)
  Rendered /var/lib/gems/1.9.1/gems/actionpack-4.2.3/lib/action_dispatch/middleware/templates/rescues/_request_and_response.html.erb (1.9ms)
  Rendered /var/lib/gems/1.9.1/gems/actionpack-4.2.3/lib/action_dispatch/middleware/templates/rescues/routing_error.html.erb within rescues/layout (36.7ms)
  Rendered /var/lib/gems/1.9.1/gems/web-console-2.2.1/lib/web_console/templates/_markup.html.erb (0.4ms)
  Rendered /var/lib/gems/1.9.1/gems/web-console-2.2.1/lib/web_console/templates/_inner_console_markup.html.erb within layouts/inlined_string (0.3ms)
  Rendered /var/lib/gems/1.9.1/gems/web-console-2.2.1/lib/web_console/templates/_prompt_box_markup.html.erb within layouts/inlined_string (0.3ms)
  Rendered /var/lib/gems/1.9.1/gems/web-console-2.2.1/lib/web_console/templates/style.css.erb within layouts/inlined_string (0.3ms)
  Rendered /var/lib/gems/1.9.1/gems/web-console-2.2.1/lib/web_console/templates/console.js.erb within layouts/javascript (18.0ms)
  Rendered /var/lib/gems/1.9.1/gems/web-console-2.2.1/lib/web_console/templates/main.js.erb within layouts/javascript (0.3ms)
  Rendered /var/lib/gems/1.9.1/gems/web-console-2.2.1/lib/web_console/templates/error_page.js.erb within layouts/javascript (0.4ms)
  Rendered /var/lib/gems/1.9.1/gems/web-console-2.2.1/lib/web_console/templates/index.html.erb (37.2ms)


Started POST "/radios/new" for 127.0.0.1 at 2015-07-19 20:06:19 +0200

ActionController::RoutingError (No route matches [POST] "/radios/new"):
  actionpack (4.2.3) lib/action_dispatch/middleware/debug_exceptions.rb:21:in `call'
  web-console (2.2.1) lib/web_console/middleware.rb:39:in `call'
  actionpack (4.2.3) lib/action_dispatch/middleware/show_exceptions.rb:30:in `call'
  railties (4.2.3) lib/rails/rack/logger.rb:38:in `call_app'
  railties (4.2.3) lib/rails/rack/logger.rb:20:in `block in call'
  activesupport (4.2.3) lib/active_support/tagged_logging.rb:68:in `block in tagged'
  activesupport (4.2.3) lib/active_support/tagged_logging.rb:26:in `tagged'
  activesupport (4.2.3) lib/active_support/tagged_logging.rb:68:in `tagged'
  railties (4.2.3) lib/rails/rack/logger.rb:20:in `call'
  actionpack (4.2.3) lib/action_dispatch/middleware/request_id.rb:21:in `call'
  rack (1.6.4) lib/rack/methodoverride.rb:22:in `call'
  rack (1.6.4) lib/rack/runtime.rb:18:in `call'
  activesupport (4.2.3) lib/active_support/cache/strategy/local_cache_middleware.rb:28:in `call'
  rack (1.6.4) lib/rack/lock.rb:17:in `call'
  actionpack (4.2.3) lib/action_dispatch/middleware/static.rb:116:in `call'
  rack (1.6.4) lib/rack/sendfile.rb:113:in `call'
  railties (4.2.3) lib/rails/engine.rb:518:in `call'
  railties (4.2.3) lib/rails/application.rb:165:in `call'
  rack (1.6.4) lib/rack/lock.rb:17:in `call'
  rack (1.6.4) lib/rack/content_length.rb:15:in `call'
  rack (1.6.4) lib/rack/handler/webrick.rb:88:in `service'
  /usr/lib/ruby/1.9.1/webrick/httpserver.rb:138:in `service'
  /usr/lib/ruby/1.9.1/webrick/httpserver.rb:94:in `run'
  /usr/lib/ruby/1.9.1/webrick/server.rb:191:in `block in start_thread'


  Rendered /var/lib/gems/1.9.1/gems/actionpack-4.2.3/lib/action_dispatch/middleware/templates/rescues/_trace.html.erb (1.4ms)
  Rendered /var/lib/gems/1.9.1/gems/actionpack-4.2.3/lib/action_dispatch/middleware/templates/routes/_route.html.erb (0.9ms)
  Rendered /var/lib/gems/1.9.1/gems/actionpack-4.2.3/lib/action_dispatch/middleware/templates/routes/_table.html.erb (1.2ms)
  Rendered /var/lib/gems/1.9.1/gems/actionpack-4.2.3/lib/action_dispatch/middleware/templates/rescues/_request_and_response.html.erb (1.2ms)
  Rendered /var/lib/gems/1.9.1/gems/actionpack-4.2.3/lib/action_dispatch/middleware/templates/rescues/routing_error.html.erb within rescues/layout (20.1ms)
  Rendered /var/lib/gems/1.9.1/gems/web-console-2.2.1/lib/web_console/templates/_markup.html.erb (0.2ms)
  Rendered /var/lib/gems/1.9.1/gems/web-console-2.2.1/lib/web_console/templates/_inner_console_markup.html.erb within layouts/inlined_string (0.2ms)
  Rendered /var/lib/gems/1.9.1/gems/web-console-2.2.1/lib/web_console/templates/_prompt_box_markup.html.erb within layouts/inlined_string (0.2ms)
  Rendered /var/lib/gems/1.9.1/gems/web-console-2.2.1/lib/web_console/templates/style.css.erb within layouts/inlined_string (0.3ms)
  Rendered /var/lib/gems/1.9.1/gems/web-console-2.2.1/lib/web_console/templates/console.js.erb within layouts/javascript (11.8ms)
  Rendered /var/lib/gems/1.9.1/gems/web-console-2.2.1/lib/web_console/templates/main.js.erb within layouts/javascript (0.2ms)
  Rendered /var/lib/gems/1.9.1/gems/web-console-2.2.1/lib/web_console/templates/error_page.js.erb within layouts/javascript (0.3ms)
  Rendered /var/lib/gems/1.9.1/gems/web-console-2.2.1/lib/web_console/templates/index.html.erb (24.7ms)


Started GET "/radios/new" for 127.0.0.1 at 2015-07-19 20:06:28 +0200
Processing by RadiosController#new as HTML
  Rendered radios/new.html.erb within layouts/application (1.2ms)
Completed 200 OK in 26ms (Views: 25.3ms | ActiveRecord: 0.0ms)


Started POST "/radios" for 127.0.0.1 at 2015-07-19 20:06:39 +0200

AbstractController::ActionNotFound (The action 'create' could not be found for RadiosController):
  actionpack (4.2.3) lib/abstract_controller/base.rb:132:in `process'
  actionview (4.2.3) lib/action_view/rendering.rb:30:in `process'
  actionpack (4.2.3) lib/action_controller/metal.rb:196:in `dispatch'
  actionpack (4.2.3) lib/action_controller/metal/rack_delegation.rb:13:in `dispatch'
  actionpack (4.2.3) lib/action_controller/metal.rb:237:in `block in action'
  actionpack (4.2.3) lib/action_dispatch/routing/route_set.rb:76:in `call'
  actionpack (4.2.3) lib/action_dispatch/routing/route_set.rb:76:in `dispatch'
  actionpack (4.2.3) lib/action_dispatch/routing/route_set.rb:45:in `serve'
  actionpack (4.2.3) lib/action_dispatch/journey/router.rb:43:in `block in serve'
  actionpack (4.2.3) lib/action_dispatch/journey/router.rb:30:in `each'
  actionpack (4.2.3) lib/action_dispatch/journey/router.rb:30:in `serve'
  actionpack (4.2.3) lib/action_dispatch/routing/route_set.rb:821:in `call'
  rack (1.6.4) lib/rack/etag.rb:24:in `call'
  rack (1.6.4) lib/rack/conditionalget.rb:38:in `call'
  rack (1.6.4) lib/rack/head.rb:13:in `call'
  actionpack (4.2.3) lib/action_dispatch/middleware/params_parser.rb:27:in `call'
  actionpack (4.2.3) lib/action_dispatch/middleware/flash.rb:260:in `call'
  rack (1.6.4) lib/rack/session/abstract/id.rb:225:in `context'
  rack (1.6.4) lib/rack/session/abstract/id.rb:220:in `call'
  actionpack (4.2.3) lib/action_dispatch/middleware/cookies.rb:560:in `call'
  activerecord (4.2.3) lib/active_record/query_cache.rb:36:in `call'
  activerecord (4.2.3) lib/active_record/connection_adapters/abstract/connection_pool.rb:653:in `call'
  activerecord (4.2.3) lib/active_record/migration.rb:377:in `call'
  actionpack (4.2.3) lib/action_dispatch/middleware/callbacks.rb:29:in `block in call'
  activesupport (4.2.3) lib/active_support/callbacks.rb:84:in `run_callbacks'
  actionpack (4.2.3) lib/action_dispatch/middleware/callbacks.rb:27:in `call'
  actionpack (4.2.3) lib/action_dispatch/middleware/reloader.rb:73:in `call'
  actionpack (4.2.3) lib/action_dispatch/middleware/remote_ip.rb:78:in `call'
  actionpack (4.2.3) lib/action_dispatch/middleware/debug_exceptions.rb:17:in `call'
  web-console (2.2.1) lib/web_console/middleware.rb:39:in `call'
  actionpack (4.2.3) lib/action_dispatch/middleware/show_exceptions.rb:30:in `call'
  railties (4.2.3) lib/rails/rack/logger.rb:38:in `call_app'
  railties (4.2.3) lib/rails/rack/logger.rb:20:in `block in call'
  activesupport (4.2.3) lib/active_support/tagged_logging.rb:68:in `block in tagged'
  activesupport (4.2.3) lib/active_support/tagged_logging.rb:26:in `tagged'
  activesupport (4.2.3) lib/active_support/tagged_logging.rb:68:in `tagged'
  railties (4.2.3) lib/rails/rack/logger.rb:20:in `call'
  actionpack (4.2.3) lib/action_dispatch/middleware/request_id.rb:21:in `call'
  rack (1.6.4) lib/rack/methodoverride.rb:22:in `call'
  rack (1.6.4) lib/rack/runtime.rb:18:in `call'
  activesupport (4.2.3) lib/active_support/cache/strategy/local_cache_middleware.rb:28:in `call'
  rack (1.6.4) lib/rack/lock.rb:17:in `call'
  actionpack (4.2.3) lib/action_dispatch/middleware/static.rb:116:in `call'
  rack (1.6.4) lib/rack/sendfile.rb:113:in `call'
  railties (4.2.3) lib/rails/engine.rb:518:in `call'
  railties (4.2.3) lib/rails/application.rb:165:in `call'
  rack (1.6.4) lib/rack/lock.rb:17:in `call'
  rack (1.6.4) lib/rack/content_length.rb:15:in `call'
  rack (1.6.4) lib/rack/handler/webrick.rb:88:in `service'
  /usr/lib/ruby/1.9.1/webrick/httpserver.rb:138:in `service'
  /usr/lib/ruby/1.9.1/webrick/httpserver.rb:94:in `run'
  /usr/lib/ruby/1.9.1/webrick/server.rb:191:in `block in start_thread'


  Rendered /var/lib/gems/1.9.1/gems/actionpack-4.2.3/lib/action_dispatch/middleware/templates/rescues/unknown_action.html.erb within rescues/layout (0.4ms)
  Rendered /var/lib/gems/1.9.1/gems/web-console-2.2.1/lib/web_console/templates/_markup.html.erb (0.3ms)
  Rendered /var/lib/gems/1.9.1/gems/web-console-2.2.1/lib/web_console/templates/_inner_console_markup.html.erb within layouts/inlined_string (0.2ms)
  Rendered /var/lib/gems/1.9.1/gems/web-console-2.2.1/lib/web_console/templates/_prompt_box_markup.html.erb within layouts/inlined_string (0.2ms)
  Rendered /var/lib/gems/1.9.1/gems/web-console-2.2.1/lib/web_console/templates/style.css.erb within layouts/inlined_string (0.2ms)
  Rendered /var/lib/gems/1.9.1/gems/web-console-2.2.1/lib/web_console/templates/console.js.erb within layouts/javascript (12.4ms)
  Rendered /var/lib/gems/1.9.1/gems/web-console-2.2.1/lib/web_console/templates/main.js.erb within layouts/javascript (0.2ms)
  Rendered /var/lib/gems/1.9.1/gems/web-console-2.2.1/lib/web_console/templates/error_page.js.erb within layouts/javascript (0.3ms)
  Rendered /var/lib/gems/1.9.1/gems/web-console-2.2.1/lib/web_console/templates/index.html.erb (25.8ms)


Started GET "/radios/new" for 127.0.0.1 at 2015-07-19 20:10:24 +0200
Processing by RadiosController#new as HTML
  Rendered radios/new.html.erb within layouts/application (0.8ms)
Completed 200 OK in 26ms (Views: 25.1ms | ActiveRecord: 0.0ms)


Started POST "/radios" for 127.0.0.1 at 2015-07-19 20:10:27 +0200
Processing by RadiosController#create as HTML
  Parameters: {"utf8"=>"✓", "authenticity_token"=>"ipopBI1sUlGoHJCOaHIKUg1a1AqK+LJSir3F7CymmA9RV9it0yG5VQ1VZK+o9wL3vFmehMDsHlaAeqSJdphDaA==", "radio"=>{"text"=>""}, "commit"=>"Save Radio"}
Completed 500 Internal Server Error in 2ms (ActiveRecord: 0.0ms)

ActionView::MissingTemplate (Missing template radios/create, application/create with {:locale=>[:en], :formats=>[:html], :variants=>[], :handlers=>[:erb, :builder, :raw, :ruby, :coffee, :jbuilder]}. Searched in:
  * "/home/chorch/Proyectos/RadioStationHub/RadioStationHub/app/views"
):
  actionview (4.2.3) lib/action_view/path_set.rb:46:in `find'
  actionview (4.2.3) lib/action_view/lookup_context.rb:121:in `find'
  actionview (4.2.3) lib/action_view/renderer/abstract_renderer.rb:18:in `find_template'
  actionview (4.2.3) lib/action_view/renderer/template_renderer.rb:40:in `determine_template'
  actionview (4.2.3) lib/action_view/renderer/template_renderer.rb:8:in `render'
  actionview (4.2.3) lib/action_view/renderer/renderer.rb:42:in `render_template'
  actionview (4.2.3) lib/action_view/renderer/renderer.rb:23:in `render'
  actionview (4.2.3) lib/action_view/rendering.rb:100:in `_render_template'
  actionpack (4.2.3) lib/action_controller/metal/streaming.rb:217:in `_render_template'
  actionview (4.2.3) lib/action_view/rendering.rb:83:in `render_to_body'
  actionpack (4.2.3) lib/action_controller/metal/rendering.rb:32:in `render_to_body'
  actionpack (4.2.3) lib/action_controller/metal/renderers.rb:37:in `render_to_body'
  actionpack (4.2.3) lib/abstract_controller/rendering.rb:25:in `render'
  actionpack (4.2.3) lib/action_controller/metal/rendering.rb:16:in `render'
  actionpack (4.2.3) lib/action_controller/metal/instrumentation.rb:44:in `block (2 levels) in render'
  activesupport (4.2.3) lib/active_support/core_ext/benchmark.rb:12:in `block in ms'
  /usr/lib/ruby/1.9.1/benchmark.rb:295:in `realtime'
  activesupport (4.2.3) lib/active_support/core_ext/benchmark.rb:12:in `ms'
  actionpack (4.2.3) lib/action_controller/metal/instrumentation.rb:44:in `block in render'
  actionpack (4.2.3) lib/action_controller/metal/instrumentation.rb:87:in `cleanup_view_runtime'
  activerecord (4.2.3) lib/active_record/railties/controller_runtime.rb:25:in `cleanup_view_runtime'
  actionpack (4.2.3) lib/action_controller/metal/instrumentation.rb:43:in `render'
  actionpack (4.2.3) lib/action_controller/metal/implicit_render.rb:10:in `default_render'
  actionpack (4.2.3) lib/action_controller/metal/implicit_render.rb:5:in `send_action'
  actionpack (4.2.3) lib/abstract_controller/base.rb:198:in `process_action'
  actionpack (4.2.3) lib/action_controller/metal/rendering.rb:10:in `process_action'
  actionpack (4.2.3) lib/abstract_controller/callbacks.rb:20:in `block in process_action'
  activesupport (4.2.3) lib/active_support/callbacks.rb:115:in `call'
  activesupport (4.2.3) lib/active_support/callbacks.rb:115:in `call'
  activesupport (4.2.3) lib/active_support/callbacks.rb:553:in `block (2 levels) in compile'
  activesupport (4.2.3) lib/active_support/callbacks.rb:503:in `call'
  activesupport (4.2.3) lib/active_support/callbacks.rb:503:in `call'
  activesupport (4.2.3) lib/active_support/callbacks.rb:88:in `run_callbacks'
  actionpack (4.2.3) lib/abstract_controller/callbacks.rb:19:in `process_action'
  actionpack (4.2.3) lib/action_controller/metal/rescue.rb:29:in `process_action'
  actionpack (4.2.3) lib/action_controller/metal/instrumentation.rb:32:in `block in process_action'
  activesupport (4.2.3) lib/active_support/notifications.rb:164:in `block in instrument'
  activesupport (4.2.3) lib/active_support/notifications/instrumenter.rb:20:in `instrument'
  activesupport (4.2.3) lib/active_support/notifications.rb:164:in `instrument'
  actionpack (4.2.3) lib/action_controller/metal/instrumentation.rb:30:in `process_action'
  actionpack (4.2.3) lib/action_controller/metal/params_wrapper.rb:250:in `process_action'
  activerecord (4.2.3) lib/active_record/railties/controller_runtime.rb:18:in `process_action'
  actionpack (4.2.3) lib/abstract_controller/base.rb:137:in `process'
  actionview (4.2.3) lib/action_view/rendering.rb:30:in `process'
  actionpack (4.2.3) lib/action_controller/metal.rb:196:in `dispatch'
  actionpack (4.2.3) lib/action_controller/metal/rack_delegation.rb:13:in `dispatch'
  actionpack (4.2.3) lib/action_controller/metal.rb:237:in `block in action'
  actionpack (4.2.3) lib/action_dispatch/routing/route_set.rb:76:in `call'
  actionpack (4.2.3) lib/action_dispatch/routing/route_set.rb:76:in `dispatch'
  actionpack (4.2.3) lib/action_dispatch/routing/route_set.rb:45:in `serve'
  actionpack (4.2.3) lib/action_dispatch/journey/router.rb:43:in `block in serve'
  actionpack (4.2.3) lib/action_dispatch/journey/router.rb:30:in `each'
  actionpack (4.2.3) lib/action_dispatch/journey/router.rb:30:in `serve'
  actionpack (4.2.3) lib/action_dispatch/routing/route_set.rb:821:in `call'
  rack (1.6.4) lib/rack/etag.rb:24:in `call'
  rack (1.6.4) lib/rack/conditionalget.rb:38:in `call'
  rack (1.6.4) lib/rack/head.rb:13:in `call'
  actionpack (4.2.3) lib/action_dispatch/middleware/params_parser.rb:27:in `call'
  actionpack (4.2.3) lib/action_dispatch/middleware/flash.rb:260:in `call'
  rack (1.6.4) lib/rack/session/abstract/id.rb:225:in `context'
  rack (1.6.4) lib/rack/session/abstract/id.rb:220:in `call'
  actionpack (4.2.3) lib/action_dispatch/middleware/cookies.rb:560:in `call'
  activerecord (4.2.3) lib/active_record/query_cache.rb:36:in `call'
  activerecord (4.2.3) lib/active_record/connection_adapters/abstract/connection_pool.rb:653:in `call'
  activerecord (4.2.3) lib/active_record/migration.rb:377:in `call'
  actionpack (4.2.3) lib/action_dispatch/middleware/callbacks.rb:29:in `block in call'
  activesupport (4.2.3) lib/active_support/callbacks.rb:84:in `run_callbacks'
  actionpack (4.2.3) lib/action_dispatch/middleware/callbacks.rb:27:in `call'
  actionpack (4.2.3) lib/action_dispatch/middleware/reloader.rb:73:in `call'
  actionpack (4.2.3) lib/action_dispatch/middleware/remote_ip.rb:78:in `call'
  actionpack (4.2.3) lib/action_dispatch/middleware/debug_exceptions.rb:17:in `call'
  web-console (2.2.1) lib/web_console/middleware.rb:39:in `call'
  actionpack (4.2.3) lib/action_dispatch/middleware/show_exceptions.rb:30:in `call'
  railties (4.2.3) lib/rails/rack/logger.rb:38:in `call_app'
  railties (4.2.3) lib/rails/rack/logger.rb:20:in `block in call'
  activesupport (4.2.3) lib/active_support/tagged_logging.rb:68:in `block in tagged'
  activesupport (4.2.3) lib/active_support/tagged_logging.rb:26:in `tagged'
  activesupport (4.2.3) lib/active_support/tagged_logging.rb:68:in `tagged'
  railties (4.2.3) lib/rails/rack/logger.rb:20:in `call'
  actionpack (4.2.3) lib/action_dispatch/middleware/request_id.rb:21:in `call'
  rack (1.6.4) lib/rack/methodoverride.rb:22:in `call'
  rack (1.6.4) lib/rack/runtime.rb:18:in `call'
  activesupport (4.2.3) lib/active_support/cache/strategy/local_cache_middleware.rb:28:in `call'
  rack (1.6.4) lib/rack/lock.rb:17:in `call'
  actionpack (4.2.3) lib/action_dispatch/middleware/static.rb:116:in `call'
  rack (1.6.4) lib/rack/sendfile.rb:113:in `call'
  railties (4.2.3) lib/rails/engine.rb:518:in `call'
  railties (4.2.3) lib/rails/application.rb:165:in `call'
  rack (1.6.4) lib/rack/lock.rb:17:in `call'
  rack (1.6.4) lib/rack/content_length.rb:15:in `call'
  rack (1.6.4) lib/rack/handler/webrick.rb:88:in `service'
  /usr/lib/ruby/1.9.1/webrick/httpserver.rb:138:in `service'
  /usr/lib/ruby/1.9.1/webrick/httpserver.rb:94:in `run'
  /usr/lib/ruby/1.9.1/webrick/server.rb:191:in `block in start_thread'


  Rendered /var/lib/gems/1.9.1/gems/actionpack-4.2.3/lib/action_dispatch/middleware/templates/rescues/_source.erb (6.7ms)
  Rendered /var/lib/gems/1.9.1/gems/actionpack-4.2.3/lib/action_dispatch/middleware/templates/rescues/_trace.html.erb (2.3ms)
  Rendered /var/lib/gems/1.9.1/gems/actionpack-4.2.3/lib/action_dispatch/middleware/templates/rescues/_request_and_response.html.erb (0.8ms)
  Rendered /var/lib/gems/1.9.1/gems/actionpack-4.2.3/lib/action_dispatch/middleware/templates/rescues/missing_template.html.erb within rescues/layout (19.4ms)
  Rendered /var/lib/gems/1.9.1/gems/web-console-2.2.1/lib/web_console/templates/_markup.html.erb (0.2ms)
  Rendered /var/lib/gems/1.9.1/gems/web-console-2.2.1/lib/web_console/templates/_inner_console_markup.html.erb within layouts/inlined_string (0.2ms)
  Rendered /var/lib/gems/1.9.1/gems/web-console-2.2.1/lib/web_console/templates/_prompt_box_markup.html.erb within layouts/inlined_string (0.2ms)
  Rendered /var/lib/gems/1.9.1/gems/web-console-2.2.1/lib/web_console/templates/style.css.erb within layouts/inlined_string (0.2ms)
  Rendered /var/lib/gems/1.9.1/gems/web-console-2.2.1/lib/web_console/templates/console.js.erb within layouts/javascript (11.8ms)
  Rendered /var/lib/gems/1.9.1/gems/web-console-2.2.1/lib/web_console/templates/main.js.erb within layouts/javascript (0.2ms)
  Rendered /var/lib/gems/1.9.1/gems/web-console-2.2.1/lib/web_console/templates/error_page.js.erb within layouts/javascript (0.3ms)
  Rendered /var/lib/gems/1.9.1/gems/web-console-2.2.1/lib/web_console/templates/index.html.erb (24.5ms)


Started GET "/radios/new" for 127.0.0.1 at 2015-07-19 20:19:22 +0200
Processing by RadiosController#new as HTML
  Rendered radios/new.html.erb within layouts/application (1.9ms)
Completed 200 OK in 27ms (Views: 26.1ms | ActiveRecord: 0.0ms)


Started POST "/radios" for 127.0.0.1 at 2015-07-19 20:19:47 +0200
Processing by RadiosController#create as HTML
  Parameters: {"utf8"=>"✓", "authenticity_token"=>"lTZcTqtZMhy+HbVsTuS3JzNGuZ4lVfimVKn2BXz6WB5O+63n9RTZGBtUQU2OYb+CgkXzEG9BVKJebpdgJsSDeQ==", "radio"=>{"name"=>"nombre", "text"=>"fuente"}, "commit"=>"Save Radio"}
  Rendered text template (0.0ms)
Completed 200 OK in 24ms (Views: 23.0ms | ActiveRecord: 0.0ms)


Started GET "/" for 127.0.0.1 at 2015-07-19 20:21:37 +0200
Processing by WelcomeController#index as HTML
  Rendered welcome/index.html.erb within layouts/application (0.3ms)
Completed 200 OK in 26ms (Views: 25.6ms | ActiveRecord: 0.0ms)


Started GET "/radios/new" for 127.0.0.1 at 2015-07-19 20:21:57 +0200
Processing by RadiosController#new as HTML
  Rendered radios/new.html.erb within layouts/application (1.2ms)
Completed 200 OK in 28ms (Views: 27.9ms | ActiveRecord: 0.0ms)


Started POST "/radios" for 127.0.0.1 at 2015-07-19 20:22:40 +0200
Processing by RadiosController#create as HTML
  Parameters: {"utf8"=>"✓", "authenticity_token"=>"sm/RzUoUAz9zgI5yHBbRo0l7plfXsBjhqTevQ9Aq7LppoiBkFFnoO9bJelPck9kG+Hjs2Z2ktOWj8M4mihQ33Q==", "radio"=>{"name"=>"radio3", "text"=>"URL"}, "commit"=>"Save Radio"}
  Rendered text template (0.0ms)
Completed 200 OK in 1ms (Views: 0.2ms | ActiveRecord: 0.0ms)


Started GET "/radios/new" for 127.0.0.1 at 2015-07-19 20:23:16 +0200
Processing by RadiosController#new as HTML
  Rendered radios/new.html.erb within layouts/application (0.8ms)
Completed 200 OK in 60ms (Views: 59.6ms | ActiveRecord: 0.0ms)


Started POST "/radios" for 127.0.0.1 at 2015-07-19 20:24:12 +0200
Processing by RadiosController#create as HTML
  Parameters: {"utf8"=>"✓", "authenticity_token"=>"4qHXHIKTWyxndAevfAG1aK9tRCBSsBW9i+SnvYST/Kw5bCa13N6wKMI98468hL3NHm4OrhikubmBI8bY3q0nyw==", "radio"=>{"name"=>"nombre", "text"=>"fuente"}, "commit"=>"Save Radio"}
  Rendered text template (0.0ms)
Completed 200 OK in 1ms (Views: 0.4ms | ActiveRecord: 0.0ms)


Started POST "/radios" for 127.0.0.1 at 2015-07-19 20:27:21 +0200
Processing by RadiosController#create as HTML
  Parameters: {"utf8"=>"✓", "authenticity_token"=>"4qHXHIKTWyxndAevfAG1aK9tRCBSsBW9i+SnvYST/Kw5bCa13N6wKMI98468hL3NHm4OrhikubmBI8bY3q0nyw==", "radio"=>{"name"=>"nombre", "text"=>"fuente"}, "commit"=>"Save Radio"}
  Rendered text template (0.0ms)
Completed 200 OK in 1ms (Views: 0.3ms | ActiveRecord: 0.0ms)


Started GET "/radios/new" for 127.0.0.1 at 2015-07-19 20:29:18 +0200
Processing by RadiosController#new as HTML
  Rendered radios/new.html.erb within layouts/application (1.0ms)
Completed 200 OK in 26ms (Views: 25.1ms | ActiveRecord: 0.0ms)


Started POST "/radios" for 127.0.0.1 at 2015-07-19 20:29:32 +0200
Processing by RadiosController#create as HTML
  Parameters: {"utf8"=>"✓", "authenticity_token"=>"R+OJfv6OC0TYUgeAOfu4O7yvIkwKdTTJojkkbJHX9oWcLnjXoMPgQH0b86H5frCeDaxowkBhmM2o/kUJy+kt4g==", "radio"=>{"name"=>"nombre", "text"=>"fuente"}, "commit"=>"Save Radio"}
  Rendered text template (0.0ms)
Completed 200 OK in 1ms (Views: 0.2ms | ActiveRecord: 0.0ms)
  [1m[36m (112.1ms)[0m  [1mCREATE TABLE "schema_migrations" ("version" varchar NOT NULL) [0m
  [1m[35m (0.1ms)[0m  select sqlite_version(*)
  [1m[36m (102.8ms)[0m  [1mCREATE UNIQUE INDEX "unique_schema_migrations" ON "schema_migrations" ("version")[0m
  [1m[35mActiveRecord::SchemaMigration Load (0.2ms)[0m  SELECT "schema_migrations".* FROM "schema_migrations"
Migrating to CreateRadios (20150720100410)
  [1m[36m (0.1ms)[0m  [1mbegin transaction[0m
  [1m[35m (0.3ms)[0m  CREATE TABLE "radios" ("id" INTEGER PRIMARY KEY AUTOINCREMENT NOT NULL, "name" varchar, "source" varchar, "created_at" datetime NOT NULL, "updated_at" datetime NOT NULL) 
  [1m[36mSQL (0.2ms)[0m  [1mINSERT INTO "schema_migrations" ("version") VALUES (?)[0m  [["version", "20150720100410"]]
  [1m[35m (95.7ms)[0m  commit transaction
  [1m[36mActiveRecord::SchemaMigration Load (0.2ms)[0m  [1mSELECT "schema_migrations".* FROM "schema_migrations"[0m


Started GET "/radios/new" for 127.0.0.1 at 2015-07-20 12:16:23 +0200
  [1m[36mActiveRecord::SchemaMigration Load (0.1ms)[0m  [1mSELECT "schema_migrations".* FROM "schema_migrations"[0m
Processing by RadiosController#new as HTML
  Rendered radios/new.html.erb within layouts/application (563.4ms)
Completed 200 OK in 1439ms (Views: 1370.6ms | ActiveRecord: 0.0ms)


Started POST "/radios" for 127.0.0.1 at 2015-07-20 12:16:37 +0200
Processing by RadiosController#create as HTML
  Parameters: {"utf8"=>"✓", "authenticity_token"=>"PmuWRqIpTUwsg+Kb35Otw19WVfjtuqPYKjLP6s7kSMG++Y27H3n0GO0tCi8qrGN3V3V2vZo2C8z4vVnT8IFitg==", "radio"=>{"name"=>"nombre", "text"=>"fuente"}, "commit"=>"Save Radio"}
Completed 500 Internal Server Error in 6ms (ActiveRecord: 0.3ms)

ActiveModel::ForbiddenAttributesError (ActiveModel::ForbiddenAttributesError):
  app/controllers/radios_controller.rb:6:in `create'


  Rendered /var/lib/gems/1.9.1/gems/actionpack-4.2.3/lib/action_dispatch/middleware/templates/rescues/_source.erb (5.8ms)
  Rendered /var/lib/gems/1.9.1/gems/actionpack-4.2.3/lib/action_dispatch/middleware/templates/rescues/_trace.html.erb (2.2ms)
  Rendered /var/lib/gems/1.9.1/gems/actionpack-4.2.3/lib/action_dispatch/middleware/templates/rescues/_request_and_response.html.erb (1.1ms)
  Rendered /var/lib/gems/1.9.1/gems/actionpack-4.2.3/lib/action_dispatch/middleware/templates/rescues/diagnostics.html.erb within rescues/layout (21.7ms)
  Rendered /var/lib/gems/1.9.1/gems/web-console-2.2.1/lib/web_console/templates/_markup.html.erb (0.3ms)
  Rendered /var/lib/gems/1.9.1/gems/web-console-2.2.1/lib/web_console/templates/_inner_console_markup.html.erb within layouts/inlined_string (0.3ms)
  Rendered /var/lib/gems/1.9.1/gems/web-console-2.2.1/lib/web_console/templates/_prompt_box_markup.html.erb within layouts/inlined_string (0.2ms)
  Rendered /var/lib/gems/1.9.1/gems/web-console-2.2.1/lib/web_console/templates/style.css.erb within layouts/inlined_string (0.3ms)
  Rendered /var/lib/gems/1.9.1/gems/web-console-2.2.1/lib/web_console/templates/console.js.erb within layouts/javascript (60.4ms)
  Rendered /var/lib/gems/1.9.1/gems/web-console-2.2.1/lib/web_console/templates/main.js.erb within layouts/javascript (0.2ms)
  Rendered /var/lib/gems/1.9.1/gems/web-console-2.2.1/lib/web_console/templates/error_page.js.erb within layouts/javascript (0.3ms)
  Rendered /var/lib/gems/1.9.1/gems/web-console-2.2.1/lib/web_console/templates/index.html.erb (182.9ms)


Started GET "/radios/new" for 127.0.0.1 at 2015-07-20 12:30:21 +0200
Processing by RadiosController#new as HTML
  Rendered radios/new.html.erb within layouts/application (0.9ms)
Completed 200 OK in 25ms (Views: 24.5ms | ActiveRecord: 0.0ms)


Started POST "/radios" for 127.0.0.1 at 2015-07-20 12:30:27 +0200
Processing by RadiosController#create as HTML
  Parameters: {"utf8"=>"✓", "authenticity_token"=>"7wQvI5tn6abqk2pN64HhPGwXJI72kwFAHXle5kmyKNJvljTeJjdQ8is9gvkevi+IZDQHy4EfqVTP9sjfd9cCpQ==", "radio"=>{"name"=>"nombre", "text"=>"fuente"}, "commit"=>"Save Radio"}
Unpermitted parameter: text
  [1m[35m (0.1ms)[0m  begin transaction
  [1m[36mSQL (0.3ms)[0m  [1mINSERT INTO "radios" ("name", "created_at", "updated_at") VALUES (?, ?, ?)[0m  [["name", "nombre"], ["created_at", "2015-07-20 10:30:27.576524"], ["updated_at", "2015-07-20 10:30:27.576524"]]
  [1m[35m (230.7ms)[0m  commit transaction
Redirected to http://localhost:3000/radios/1
Completed 302 Found in 281ms (ActiveRecord: 231.8ms)


Started GET "/radios/1" for 127.0.0.1 at 2015-07-20 12:30:27 +0200
Processing by RadiosController#show as HTML
  Parameters: {"id"=>"1"}
  [1m[36mRadio Load (0.2ms)[0m  [1mSELECT  "radios".* FROM "radios" WHERE "radios"."id" = ? LIMIT 1[0m  [["id", 1]]
  Rendered radios/show.html.erb within layouts/application (0.6ms)
Completed 200 OK in 94ms (Views: 26.5ms | ActiveRecord: 0.2ms)


Started POST "/radios" for 127.0.0.1 at 2015-07-20 12:30:38 +0200
Processing by RadiosController#create as HTML
  Parameters: {"utf8"=>"✓", "authenticity_token"=>"7wQvI5tn6abqk2pN64HhPGwXJI72kwFAHXle5kmyKNJvljTeJjdQ8is9gvkevi+IZDQHy4EfqVTP9sjfd9cCpQ==", "radio"=>{"name"=>"nombre", "text"=>"fuente"}, "commit"=>"Save Radio"}
Unpermitted parameter: text
  [1m[35m (0.1ms)[0m  begin transaction
  [1m[36mSQL (0.2ms)[0m  [1mINSERT INTO "radios" ("name", "created_at", "updated_at") VALUES (?, ?, ?)[0m  [["name", "nombre"], ["created_at", "2015-07-20 10:30:38.089699"], ["updated_at", "2015-07-20 10:30:38.089699"]]
  [1m[35m (439.8ms)[0m  commit transaction
Redirected to http://localhost:3000/radios/2
Completed 302 Found in 444ms (ActiveRecord: 440.1ms)


Started GET "/radios/2" for 127.0.0.1 at 2015-07-20 12:30:38 +0200
Processing by RadiosController#show as HTML
  Parameters: {"id"=>"2"}
  [1m[36mRadio Load (0.2ms)[0m  [1mSELECT  "radios".* FROM "radios" WHERE "radios"."id" = ? LIMIT 1[0m  [["id", 2]]
  Rendered radios/show.html.erb within layouts/application (0.1ms)
Completed 200 OK in 60ms (Views: 58.4ms | ActiveRecord: 0.2ms)


Started POST "/radios" for 127.0.0.1 at 2015-07-20 12:33:30 +0200
Processing by RadiosController#create as HTML
  Parameters: {"utf8"=>"✓", "authenticity_token"=>"7wQvI5tn6abqk2pN64HhPGwXJI72kwFAHXle5kmyKNJvljTeJjdQ8is9gvkevi+IZDQHy4EfqVTP9sjfd9cCpQ==", "radio"=>{"name"=>"nombre", "text"=>"fuente"}, "commit"=>"Save Radio"}
Unpermitted parameter: text
  [1m[35m (0.1ms)[0m  begin transaction
  [1m[36mSQL (0.4ms)[0m  [1mINSERT INTO "radios" ("name", "created_at", "updated_at") VALUES (?, ?, ?)[0m  [["name", "nombre"], ["created_at", "2015-07-20 10:33:30.293849"], ["updated_at", "2015-07-20 10:33:30.293849"]]
  [1m[35m (210.6ms)[0m  commit transaction
Redirected to http://localhost:3000/radios/3
Completed 302 Found in 217ms (ActiveRecord: 211.1ms)


Started GET "/radios/3" for 127.0.0.1 at 2015-07-20 12:33:30 +0200
Processing by RadiosController#show as HTML
  Parameters: {"id"=>"3"}
  [1m[36mRadio Load (0.2ms)[0m  [1mSELECT  "radios".* FROM "radios" WHERE "radios"."id" = ? LIMIT 1[0m  [["id", 3]]
  Rendered radios/show.html.erb within layouts/application (0.2ms)
Completed 200 OK in 30ms (Views: 28.7ms | ActiveRecord: 0.2ms)


Started GET "/radios/3" for 127.0.0.1 at 2015-07-20 12:33:33 +0200
Processing by RadiosController#show as HTML
  Parameters: {"id"=>"3"}
  [1m[35mRadio Load (0.1ms)[0m  SELECT  "radios".* FROM "radios" WHERE "radios"."id" = ? LIMIT 1  [["id", 3]]
  Rendered radios/show.html.erb within layouts/application (0.1ms)
Completed 200 OK in 26ms (Views: 25.3ms | ActiveRecord: 0.1ms)


Started GET "/assets/radios.self-e3b0c44298fc1c149afbf4c8996fb92427ae41e4649b934ca495991b7852b855.css?body=1" for 127.0.0.1 at 2015-07-20 12:33:33 +0200


Started GET "/assets/turbolinks.self-c37727e9bd6b2735da5c311aa83fead54ed0be6cc8bd9a65309e9c5abe2cbfff.js?body=1" for 127.0.0.1 at 2015-07-20 12:33:33 +0200


Started GET "/assets/welcome.self-e3b0c44298fc1c149afbf4c8996fb92427ae41e4649b934ca495991b7852b855.css?body=1" for 127.0.0.1 at 2015-07-20 12:33:33 +0200


Started GET "/assets/application.self-e80e8f2318043e8af94dddc2adad5a4f09739a8ebb323b3ab31cd71d45fd9113.css?body=1" for 127.0.0.1 at 2015-07-20 12:33:33 +0200


Started GET "/assets/radios.self-877aef30ae1b040ab8a3aba4e3e309a11d7f2612f44dde450b5c157aa5f95c05.js?body=1" for 127.0.0.1 at 2015-07-20 12:33:33 +0200


Started GET "/assets/jquery_ujs.self-ca5248a2fad13d6bd58ea121318d642f195f0b2dd818b30615f785ff365e8d1f.js?body=1" for 127.0.0.1 at 2015-07-20 12:33:33 +0200


Started GET "/assets/jquery.self-d03a5518f45df77341bdbe6201ba3bfa547ebba8ed64f0ea56bfa5f96ea7c074.js?body=1" for 127.0.0.1 at 2015-07-20 12:33:33 +0200


Started GET "/assets/welcome.self-877aef30ae1b040ab8a3aba4e3e309a11d7f2612f44dde450b5c157aa5f95c05.js?body=1" for 127.0.0.1 at 2015-07-20 12:33:33 +0200


Started GET "/assets/application.self-3b8dabdc891efe46b9a144b400ad69e37d7e5876bdc39dee783419a69d7ca819.js?body=1" for 127.0.0.1 at 2015-07-20 12:33:33 +0200


Started POST "/radios" for 127.0.0.1 at 2015-07-20 12:33:36 +0200
Processing by RadiosController#create as HTML
  Parameters: {"utf8"=>"✓", "authenticity_token"=>"7wQvI5tn6abqk2pN64HhPGwXJI72kwFAHXle5kmyKNJvljTeJjdQ8is9gvkevi+IZDQHy4EfqVTP9sjfd9cCpQ==", "radio"=>{"name"=>"nombre", "text"=>"fuente"}, "commit"=>"Save Radio"}
Unpermitted parameter: text
  [1m[36m (0.1ms)[0m  [1mbegin transaction[0m
  [1m[35mSQL (0.1ms)[0m  INSERT INTO "radios" ("name", "created_at", "updated_at") VALUES (?, ?, ?)  [["name", "nombre"], ["created_at", "2015-07-20 10:33:36.480127"], ["updated_at", "2015-07-20 10:33:36.480127"]]
  [1m[36m (272.6ms)[0m  [1mcommit transaction[0m
Redirected to http://localhost:3000/radios/4
Completed 302 Found in 276ms (ActiveRecord: 272.8ms)


Started GET "/radios/4" for 127.0.0.1 at 2015-07-20 12:33:36 +0200
Processing by RadiosController#show as HTML
  Parameters: {"id"=>"4"}
  [1m[35mRadio Load (0.2ms)[0m  SELECT  "radios".* FROM "radios" WHERE "radios"."id" = ? LIMIT 1  [["id", 4]]
  Rendered radios/show.html.erb within layouts/application (0.1ms)
Completed 200 OK in 67ms (Views: 65.7ms | ActiveRecord: 0.2ms)


Started GET "/radios/new" for 127.0.0.1 at 2015-07-20 12:34:15 +0200
Processing by RadiosController#new as HTML
  Rendered radios/new.html.erb within layouts/application (3.0ms)
Completed 200 OK in 40ms (Views: 39.6ms | ActiveRecord: 0.0ms)


Started GET "/assets/radios.self-e3b0c44298fc1c149afbf4c8996fb92427ae41e4649b934ca495991b7852b855.css?body=1" for 127.0.0.1 at 2015-07-20 12:34:15 +0200


Started GET "/assets/application.self-e80e8f2318043e8af94dddc2adad5a4f09739a8ebb323b3ab31cd71d45fd9113.css?body=1" for 127.0.0.1 at 2015-07-20 12:34:15 +0200


Started GET "/assets/welcome.self-e3b0c44298fc1c149afbf4c8996fb92427ae41e4649b934ca495991b7852b855.css?body=1" for 127.0.0.1 at 2015-07-20 12:34:15 +0200


Started GET "/assets/jquery.self-d03a5518f45df77341bdbe6201ba3bfa547ebba8ed64f0ea56bfa5f96ea7c074.js?body=1" for 127.0.0.1 at 2015-07-20 12:34:15 +0200


Started GET "/assets/jquery_ujs.self-ca5248a2fad13d6bd58ea121318d642f195f0b2dd818b30615f785ff365e8d1f.js?body=1" for 127.0.0.1 at 2015-07-20 12:34:15 +0200


Started GET "/assets/radios.self-877aef30ae1b040ab8a3aba4e3e309a11d7f2612f44dde450b5c157aa5f95c05.js?body=1" for 127.0.0.1 at 2015-07-20 12:34:15 +0200


Started GET "/assets/turbolinks.self-c37727e9bd6b2735da5c311aa83fead54ed0be6cc8bd9a65309e9c5abe2cbfff.js?body=1" for 127.0.0.1 at 2015-07-20 12:34:15 +0200


Started GET "/assets/welcome.self-877aef30ae1b040ab8a3aba4e3e309a11d7f2612f44dde450b5c157aa5f95c05.js?body=1" for 127.0.0.1 at 2015-07-20 12:34:15 +0200


Started GET "/assets/application.self-3b8dabdc891efe46b9a144b400ad69e37d7e5876bdc39dee783419a69d7ca819.js?body=1" for 127.0.0.1 at 2015-07-20 12:34:15 +0200


Started POST "/radios" for 127.0.0.1 at 2015-07-20 12:34:19 +0200
Processing by RadiosController#create as HTML
  Parameters: {"utf8"=>"✓", "authenticity_token"=>"RK8P1L6aHAngkHEMk5VXSgqw04L/ghgZxXYEWtPwUYvEPRQpA8qlXSE+mbhmqpn+ApPwx4gOsA0X+ZJj7ZV7/A==", "radio"=>{"name"=>"nombre", "source"=>"fuente"}, "commit"=>"Save Radio"}
  [1m[36m (0.1ms)[0m  [1mbegin transaction[0m
  [1m[35mSQL (0.2ms)[0m  INSERT INTO "radios" ("name", "source", "created_at", "updated_at") VALUES (?, ?, ?, ?)  [["name", "nombre"], ["source", "fuente"], ["created_at", "2015-07-20 10:34:19.172208"], ["updated_at", "2015-07-20 10:34:19.172208"]]
  [1m[36m (221.0ms)[0m  [1mcommit transaction[0m
Redirected to http://localhost:3000/radios/5
Completed 302 Found in 225ms (ActiveRecord: 221.3ms)


Started GET "/radios/5" for 127.0.0.1 at 2015-07-20 12:34:19 +0200
Processing by RadiosController#show as HTML
  Parameters: {"id"=>"5"}
  [1m[35mRadio Load (0.1ms)[0m  SELECT  "radios".* FROM "radios" WHERE "radios"."id" = ? LIMIT 1  [["id", 5]]
  Rendered radios/show.html.erb within layouts/application (0.1ms)
Completed 200 OK in 28ms (Views: 26.8ms | ActiveRecord: 0.1ms)


Started GET "/radios/4" for 127.0.0.1 at 2015-07-20 12:37:16 +0200
Processing by RadiosController#show as HTML
  Parameters: {"id"=>"4"}
  [1m[36mRadio Load (0.1ms)[0m  [1mSELECT  "radios".* FROM "radios" WHERE "radios"."id" = ? LIMIT 1[0m  [["id", 4]]
  Rendered radios/show.html.erb within layouts/application (0.1ms)
Completed 200 OK in 27ms (Views: 25.4ms | ActiveRecord: 0.1ms)


Started GET "/radios/5" for 127.0.0.1 at 2015-07-20 12:37:19 +0200
Processing by RadiosController#show as HTML
  Parameters: {"id"=>"5"}
  [1m[35mRadio Load (0.1ms)[0m  SELECT  "radios".* FROM "radios" WHERE "radios"."id" = ? LIMIT 1  [["id", 5]]
  Rendered radios/show.html.erb within layouts/application (0.1ms)
Completed 200 OK in 61ms (Views: 59.6ms | ActiveRecord: 0.1ms)


Started GET "/radios" for 127.0.0.1 at 2015-07-20 12:47:52 +0200
Processing by RadiosController#index as HTML
  [1m[36mRadio Load (0.3ms)[0m  [1mSELECT "radios".* FROM "radios"[0m
  Rendered radios/index.html.erb within layouts/application (4.9ms)
Completed 200 OK in 30ms (Views: 28.0ms | ActiveRecord: 0.5ms)


Started GET "/" for 127.0.0.1 at 2015-07-20 13:03:08 +0200
Processing by WelcomeController#index as HTML
  Rendered welcome/index.html.erb within layouts/application (0.6ms)
Completed 200 OK in 49ms (Views: 48.3ms | ActiveRecord: 0.0ms)


Started GET "/radios/" for 127.0.0.1 at 2015-07-20 13:03:13 +0200
Processing by RadiosController#index as HTML
  [1m[35mRadio Load (0.3ms)[0m  SELECT "radios".* FROM "radios"
  Rendered radios/index.html.erb within layouts/application (1.5ms)
Completed 200 OK in 28ms (Views: 26.2ms | ActiveRecord: 0.3ms)


Started GET "/radios/5" for 127.0.0.1 at 2015-07-20 13:03:23 +0200
Processing by RadiosController#show as HTML
  Parameters: {"id"=>"5"}
  [1m[36mRadio Load (0.2ms)[0m  [1mSELECT  "radios".* FROM "radios" WHERE "radios"."id" = ? LIMIT 1[0m  [["id", 5]]
  Rendered radios/show.html.erb within layouts/application (0.1ms)
Completed 200 OK in 28ms (Views: 27.3ms | ActiveRecord: 0.2ms)


Started GET "/radios/4" for 127.0.0.1 at 2015-07-20 13:03:28 +0200
Processing by RadiosController#show as HTML
  Parameters: {"id"=>"4"}
  [1m[35mRadio Load (0.1ms)[0m  SELECT  "radios".* FROM "radios" WHERE "radios"."id" = ? LIMIT 1  [["id", 4]]
  Rendered radios/show.html.erb within layouts/application (0.1ms)
Completed 200 OK in 24ms (Views: 23.6ms | ActiveRecord: 0.1ms)


Started GET "/radios/new" for 127.0.0.1 at 2015-07-20 13:03:34 +0200
Processing by RadiosController#new as HTML
  Rendered radios/new.html.erb within layouts/application (0.9ms)
Completed 200 OK in 61ms (Views: 60.9ms | ActiveRecord: 0.0ms)


Started POST "/radios" for 127.0.0.1 at 2015-07-20 13:03:45 +0200
Processing by RadiosController#create as HTML
  Parameters: {"utf8"=>"✓", "authenticity_token"=>"DK8aDwm0RHdv4zfBu5nMWyfLEsyLbCQea7JAoLbogIqMPQHytOT9I65N33VOpgLvL+gxifzgjAq5PdaZiI2q/Q==", "radio"=>{"name"=>"Natalia", "source"=>"radiooooo"}, "commit"=>"Save Radio"}
  [1m[36m (0.1ms)[0m  [1mbegin transaction[0m
  [1m[35mSQL (0.3ms)[0m  INSERT INTO "radios" ("name", "source", "created_at", "updated_at") VALUES (?, ?, ?, ?)  [["name", "Natalia"], ["source", "radiooooo"], ["created_at", "2015-07-20 11:03:45.961763"], ["updated_at", "2015-07-20 11:03:45.961763"]]
  [1m[36m (205.2ms)[0m  [1mcommit transaction[0m
Redirected to http://localhost:3000/radios/6
Completed 302 Found in 210ms (ActiveRecord: 205.5ms)


Started GET "/radios/6" for 127.0.0.1 at 2015-07-20 13:03:46 +0200
Processing by RadiosController#show as HTML
  Parameters: {"id"=>"6"}
  [1m[35mRadio Load (0.2ms)[0m  SELECT  "radios".* FROM "radios" WHERE "radios"."id" = ? LIMIT 1  [["id", 6]]
  Rendered radios/show.html.erb within layouts/application (0.2ms)
Completed 200 OK in 30ms (Views: 28.3ms | ActiveRecord: 0.2ms)


Started GET "/radios" for 127.0.0.1 at 2015-07-20 13:03:50 +0200
Processing by RadiosController#index as HTML
  [1m[36mRadio Load (0.2ms)[0m  [1mSELECT "radios".* FROM "radios"[0m
  Rendered radios/index.html.erb within layouts/application (0.7ms)
Completed 200 OK in 28ms (Views: 27.5ms | ActiveRecord: 0.2ms)


Started GET "/radios/6" for 127.0.0.1 at 2015-07-20 13:04:51 +0200
Processing by RadiosController#show as HTML
  Parameters: {"id"=>"6"}
  [1m[35mRadio Load (0.1ms)[0m  SELECT  "radios".* FROM "radios" WHERE "radios"."id" = ? LIMIT 1  [["id", 6]]
  Rendered radios/show.html.erb within layouts/application (0.1ms)
Completed 200 OK in 28ms (Views: 26.6ms | ActiveRecord: 0.1ms)


Started GET "/radios/6/edit" for 127.0.0.1 at 2015-07-20 13:16:12 +0200
Processing by RadiosController#edit as HTML
  Parameters: {"id"=>"6"}
  [1m[36mRadio Load (0.3ms)[0m  [1mSELECT  "radios".* FROM "radios" WHERE "radios"."id" = ? LIMIT 1[0m  [["id", 6]]
  Rendered radios/edit.html.erb within layouts/application (2.2ms)
Completed 200 OK in 36ms (Views: 25.2ms | ActiveRecord: 0.7ms)


Started PATCH "/radios.6" for 127.0.0.1 at 2015-07-20 13:16:21 +0200

ActionController::RoutingError (No route matches [PATCH] "/radios.6"):
  actionpack (4.2.3) lib/action_dispatch/middleware/debug_exceptions.rb:21:in `call'
  web-console (2.2.1) lib/web_console/middleware.rb:39:in `call'
  actionpack (4.2.3) lib/action_dispatch/middleware/show_exceptions.rb:30:in `call'
  railties (4.2.3) lib/rails/rack/logger.rb:38:in `call_app'
  railties (4.2.3) lib/rails/rack/logger.rb:20:in `block in call'
  activesupport (4.2.3) lib/active_support/tagged_logging.rb:68:in `block in tagged'
  activesupport (4.2.3) lib/active_support/tagged_logging.rb:26:in `tagged'
  activesupport (4.2.3) lib/active_support/tagged_logging.rb:68:in `tagged'
  railties (4.2.3) lib/rails/rack/logger.rb:20:in `call'
  actionpack (4.2.3) lib/action_dispatch/middleware/request_id.rb:21:in `call'
  rack (1.6.4) lib/rack/methodoverride.rb:22:in `call'
  rack (1.6.4) lib/rack/runtime.rb:18:in `call'
  activesupport (4.2.3) lib/active_support/cache/strategy/local_cache_middleware.rb:28:in `call'
  rack (1.6.4) lib/rack/lock.rb:17:in `call'
  actionpack (4.2.3) lib/action_dispatch/middleware/static.rb:116:in `call'
  rack (1.6.4) lib/rack/sendfile.rb:113:in `call'
  railties (4.2.3) lib/rails/engine.rb:518:in `call'
  railties (4.2.3) lib/rails/application.rb:165:in `call'
  rack (1.6.4) lib/rack/lock.rb:17:in `call'
  rack (1.6.4) lib/rack/content_length.rb:15:in `call'
  rack (1.6.4) lib/rack/handler/webrick.rb:88:in `service'
  /usr/lib/ruby/1.9.1/webrick/httpserver.rb:138:in `service'
  /usr/lib/ruby/1.9.1/webrick/httpserver.rb:94:in `run'
  /usr/lib/ruby/1.9.1/webrick/server.rb:191:in `block in start_thread'


  Rendered /var/lib/gems/1.9.1/gems/actionpack-4.2.3/lib/action_dispatch/middleware/templates/rescues/_trace.html.erb (1.3ms)
  Rendered /var/lib/gems/1.9.1/gems/actionpack-4.2.3/lib/action_dispatch/middleware/templates/routes/_route.html.erb (0.9ms)
  Rendered /var/lib/gems/1.9.1/gems/actionpack-4.2.3/lib/action_dispatch/middleware/templates/routes/_table.html.erb (18.6ms)
  Rendered /var/lib/gems/1.9.1/gems/actionpack-4.2.3/lib/action_dispatch/middleware/templates/rescues/_request_and_response.html.erb (2.7ms)
  Rendered /var/lib/gems/1.9.1/gems/actionpack-4.2.3/lib/action_dispatch/middleware/templates/rescues/routing_error.html.erb within rescues/layout (139.3ms)
  Rendered /var/lib/gems/1.9.1/gems/web-console-2.2.1/lib/web_console/templates/_markup.html.erb (0.2ms)
  Rendered /var/lib/gems/1.9.1/gems/web-console-2.2.1/lib/web_console/templates/_inner_console_markup.html.erb within layouts/inlined_string (0.2ms)
  Rendered /var/lib/gems/1.9.1/gems/web-console-2.2.1/lib/web_console/templates/_prompt_box_markup.html.erb within layouts/inlined_string (0.2ms)
  Rendered /var/lib/gems/1.9.1/gems/web-console-2.2.1/lib/web_console/templates/style.css.erb within layouts/inlined_string (0.2ms)
  Rendered /var/lib/gems/1.9.1/gems/web-console-2.2.1/lib/web_console/templates/console.js.erb within layouts/javascript (12.2ms)
  Rendered /var/lib/gems/1.9.1/gems/web-console-2.2.1/lib/web_console/templates/main.js.erb within layouts/javascript (0.2ms)
  Rendered /var/lib/gems/1.9.1/gems/web-console-2.2.1/lib/web_console/templates/error_page.js.erb within layouts/javascript (0.3ms)
  Rendered /var/lib/gems/1.9.1/gems/web-console-2.2.1/lib/web_console/templates/index.html.erb (24.8ms)


Started GET "/radios/6/edit" for 127.0.0.1 at 2015-07-20 13:19:04 +0200
Processing by RadiosController#edit as HTML
  Parameters: {"id"=>"6"}
  [1m[35mRadio Load (0.1ms)[0m  SELECT  "radios".* FROM "radios" WHERE "radios"."id" = ? LIMIT 1  [["id", 6]]
  Rendered radios/edit.html.erb within layouts/application (2.0ms)
Completed 200 OK in 28ms (Views: 26.3ms | ActiveRecord: 0.1ms)


Started PATCH "/radios/6" for 127.0.0.1 at 2015-07-20 13:19:09 +0200
Processing by RadiosController#update as HTML
  Parameters: {"utf8"=>"✓", "authenticity_token"=>"Q+Zyyp+RwbKdb8gr9l0ATqMI+yfLyU3Tt1VOtj1uyenDdGk3IsF45lzBIJ8DYs76qyvYYrxF5cdl2tiPAwvjng==", "radio"=>{"name"=>"Natalia", "source"=>"radioooo2"}, "commit"=>"Save Radio", "id"=>"6"}
  [1m[36mRadio Load (0.1ms)[0m  [1mSELECT  "radios".* FROM "radios" WHERE "radios"."id" = ? LIMIT 1[0m  [["id", 6]]
  [1m[35m (0.1ms)[0m  begin transaction
  [1m[36mSQL (0.4ms)[0m  [1mUPDATE "radios" SET "source" = ?, "updated_at" = ? WHERE "radios"."id" = ?[0m  [["source", "radioooo2"], ["updated_at", "2015-07-20 11:19:09.727710"], ["id", 6]]
  [1m[35m (339.9ms)[0m  commit transaction
Redirected to http://localhost:3000/radios/6
Completed 302 Found in 347ms (ActiveRecord: 340.5ms)


Started GET "/radios/6" for 127.0.0.1 at 2015-07-20 13:19:10 +0200
Processing by RadiosController#show as HTML
  Parameters: {"id"=>"6"}
  [1m[36mRadio Load (0.2ms)[0m  [1mSELECT  "radios".* FROM "radios" WHERE "radios"."id" = ? LIMIT 1[0m  [["id", 6]]
  Rendered radios/show.html.erb within layouts/application (0.2ms)
Completed 200 OK in 29ms (Views: 27.1ms | ActiveRecord: 0.2ms)


Started GET "/radios/6" for 127.0.0.1 at 2015-07-20 13:48:04 +0200
Processing by RadiosController#show as HTML
  Parameters: {"id"=>"6"}
  [1m[35mRadio Load (0.1ms)[0m  SELECT  "radios".* FROM "radios" WHERE "radios"."id" = ? LIMIT 1  [["id", 6]]
  Rendered radios/show.html.erb within layouts/application (0.1ms)
Completed 200 OK in 61ms (Views: 55.1ms | ActiveRecord: 0.6ms)


Started GET "/assets/radios.self-e3b0c44298fc1c149afbf4c8996fb92427ae41e4649b934ca495991b7852b855.css?body=1" for 127.0.0.1 at 2015-07-20 13:48:04 +0200


Started GET "/assets/welcome.self-e3b0c44298fc1c149afbf4c8996fb92427ae41e4649b934ca495991b7852b855.css?body=1" for 127.0.0.1 at 2015-07-20 13:48:04 +0200


Started GET "/assets/application.self-e80e8f2318043e8af94dddc2adad5a4f09739a8ebb323b3ab31cd71d45fd9113.css?body=1" for 127.0.0.1 at 2015-07-20 13:48:04 +0200


Started GET "/assets/jquery.self-d03a5518f45df77341bdbe6201ba3bfa547ebba8ed64f0ea56bfa5f96ea7c074.js?body=1" for 127.0.0.1 at 2015-07-20 13:48:04 +0200


Started GET "/assets/jquery_ujs.self-ca5248a2fad13d6bd58ea121318d642f195f0b2dd818b30615f785ff365e8d1f.js?body=1" for 127.0.0.1 at 2015-07-20 13:48:04 +0200


Started GET "/assets/turbolinks.self-c37727e9bd6b2735da5c311aa83fead54ed0be6cc8bd9a65309e9c5abe2cbfff.js?body=1" for 127.0.0.1 at 2015-07-20 13:48:04 +0200


Started GET "/assets/radios.self-877aef30ae1b040ab8a3aba4e3e309a11d7f2612f44dde450b5c157aa5f95c05.js?body=1" for 127.0.0.1 at 2015-07-20 13:48:04 +0200


Started GET "/assets/welcome.self-877aef30ae1b040ab8a3aba4e3e309a11d7f2612f44dde450b5c157aa5f95c05.js?body=1" for 127.0.0.1 at 2015-07-20 13:48:04 +0200


Started GET "/assets/application.self-3b8dabdc891efe46b9a144b400ad69e37d7e5876bdc39dee783419a69d7ca819.js?body=1" for 127.0.0.1 at 2015-07-20 13:48:04 +0200


Started GET "/radios/" for 127.0.0.1 at 2015-07-20 13:48:07 +0200
Processing by RadiosController#index as HTML
  [1m[36mRadio Load (0.2ms)[0m  [1mSELECT "radios".* FROM "radios"[0m
  Rendered radios/index.html.erb within layouts/application (0.8ms)
Completed 200 OK in 25ms (Views: 24.3ms | ActiveRecord: 0.2ms)


Started GET "/radios/new" for 127.0.0.1 at 2015-07-20 13:48:13 +0200
Processing by RadiosController#new as HTML
Filter chain halted as #<Proc:0xb3f1297c@/var/lib/gems/1.9.1/gems/actionpack-4.2.3/lib/action_controller/metal/http_authentication.rb:69> rendered or redirected
Completed 401 Unauthorized in 1ms (ActiveRecord: 0.0ms)


Started GET "/radios/new" for 127.0.0.1 at 2015-07-20 13:48:21 +0200
Processing by RadiosController#new as HTML
  Rendered radios/new.html.erb within layouts/application (1.0ms)
Completed 200 OK in 32ms (Views: 31.1ms | ActiveRecord: 0.0ms)


Started POST "/radios" for 127.0.0.1 at 2015-07-20 13:48:35 +0200
Processing by RadiosController#create as HTML
  Parameters: {"utf8"=>"✓", "authenticity_token"=>"PBDbkEY5z2VziErhiQQHR7szk6XzPgDuCzfV+RU2d1i8gsBt+2l2MbImolV8O8nzsxCw4ISyqPrZuEPAK1NdLw==", "radio"=>{"name"=>"radio5", "source"=>"555"}, "commit"=>"Save Radio"}
Filter chain halted as #<Proc:0xb3f1297c@/var/lib/gems/1.9.1/gems/actionpack-4.2.3/lib/action_controller/metal/http_authentication.rb:69> rendered or redirected
Completed 401 Unauthorized in 1ms (ActiveRecord: 0.0ms)


Started POST "/radios" for 127.0.0.1 at 2015-07-20 13:48:36 +0200
Processing by RadiosController#create as HTML
  Parameters: {"utf8"=>"✓", "authenticity_token"=>"PBDbkEY5z2VziErhiQQHR7szk6XzPgDuCzfV+RU2d1i8gsBt+2l2MbImolV8O8nzsxCw4ISyqPrZuEPAK1NdLw==", "radio"=>{"name"=>"radio5", "source"=>"555"}, "commit"=>"Save Radio"}
  [1m[35m (0.1ms)[0m  begin transaction
  [1m[36mSQL (0.2ms)[0m  [1mINSERT INTO "radios" ("name", "source", "created_at", "updated_at") VALUES (?, ?, ?, ?)[0m  [["name", "radio5"], ["source", "555"], ["created_at", "2015-07-20 11:48:36.016735"], ["updated_at", "2015-07-20 11:48:36.016735"]]
  [1m[35m (204.2ms)[0m  commit transaction
Redirected to http://localhost:3000/radios/7
Completed 302 Found in 208ms (ActiveRecord: 204.5ms)


Started GET "/radios/7" for 127.0.0.1 at 2015-07-20 13:48:36 +0200
Processing by RadiosController#show as HTML
  Parameters: {"id"=>"7"}
  [1m[36mRadio Load (0.2ms)[0m  [1mSELECT  "radios".* FROM "radios" WHERE "radios"."id" = ? LIMIT 1[0m  [["id", 7]]
  Rendered radios/show.html.erb within layouts/application (0.1ms)
Completed 200 OK in 26ms (Views: 24.9ms | ActiveRecord: 0.2ms)


Started GET "/assets/radios.self-e3b0c44298fc1c149afbf4c8996fb92427ae41e4649b934ca495991b7852b855.css?body=1" for 127.0.0.1 at 2015-07-20 13:48:36 +0200


Started GET "/assets/jquery_ujs.self-ca5248a2fad13d6bd58ea121318d642f195f0b2dd818b30615f785ff365e8d1f.js?body=1" for 127.0.0.1 at 2015-07-20 13:48:36 +0200


Started GET "/assets/jquery.self-d03a5518f45df77341bdbe6201ba3bfa547ebba8ed64f0ea56bfa5f96ea7c074.js?body=1" for 127.0.0.1 at 2015-07-20 13:48:36 +0200


Started GET "/assets/radios.self-877aef30ae1b040ab8a3aba4e3e309a11d7f2612f44dde450b5c157aa5f95c05.js?body=1" for 127.0.0.1 at 2015-07-20 13:48:36 +0200


Started GET "/assets/welcome.self-e3b0c44298fc1c149afbf4c8996fb92427ae41e4649b934ca495991b7852b855.css?body=1" for 127.0.0.1 at 2015-07-20 13:48:36 +0200


Started GET "/assets/turbolinks.self-c37727e9bd6b2735da5c311aa83fead54ed0be6cc8bd9a65309e9c5abe2cbfff.js?body=1" for 127.0.0.1 at 2015-07-20 13:48:36 +0200


Started GET "/assets/application.self-e80e8f2318043e8af94dddc2adad5a4f09739a8ebb323b3ab31cd71d45fd9113.css?body=1" for 127.0.0.1 at 2015-07-20 13:48:36 +0200


Started GET "/assets/welcome.self-877aef30ae1b040ab8a3aba4e3e309a11d7f2612f44dde450b5c157aa5f95c05.js?body=1" for 127.0.0.1 at 2015-07-20 13:48:36 +0200


Started GET "/assets/application.self-3b8dabdc891efe46b9a144b400ad69e37d7e5876bdc39dee783419a69d7ca819.js?body=1" for 127.0.0.1 at 2015-07-20 13:48:36 +0200


Started GET "/radios" for 127.0.0.1 at 2015-07-20 13:48:39 +0200
Processing by RadiosController#index as HTML
  [1m[35mRadio Load (0.2ms)[0m  SELECT "radios".* FROM "radios"
  Rendered radios/index.html.erb within layouts/application (0.7ms)
Completed 200 OK in 26ms (Views: 25.4ms | ActiveRecord: 0.2ms)


Started GET "/radios/new" for 127.0.0.1 at 2015-07-20 13:49:13 +0200
Processing by RadiosController#new as HTML
  Rendered radios/new.html.erb within layouts/application (1.1ms)
Completed 200 OK in 63ms (Views: 62.7ms | ActiveRecord: 0.0ms)


Started GET "/radios/new" for 127.0.0.1 at 2015-07-20 13:49:18 +0200
Processing by RadiosController#new as HTML
  Rendered radios/new.html.erb within layouts/application (2.0ms)
Completed 200 OK in 33ms (Views: 32.3ms | ActiveRecord: 0.0ms)


Started GET "/assets/radios.self-e3b0c44298fc1c149afbf4c8996fb92427ae41e4649b934ca495991b7852b855.css?body=1" for 127.0.0.1 at 2015-07-20 13:49:18 +0200


Started GET "/assets/welcome.self-e3b0c44298fc1c149afbf4c8996fb92427ae41e4649b934ca495991b7852b855.css?body=1" for 127.0.0.1 at 2015-07-20 13:49:18 +0200


Started GET "/assets/application.self-e80e8f2318043e8af94dddc2adad5a4f09739a8ebb323b3ab31cd71d45fd9113.css?body=1" for 127.0.0.1 at 2015-07-20 13:49:18 +0200


Started GET "/assets/radios.self-877aef30ae1b040ab8a3aba4e3e309a11d7f2612f44dde450b5c157aa5f95c05.js?body=1" for 127.0.0.1 at 2015-07-20 13:49:18 +0200


Started GET "/assets/jquery.self-d03a5518f45df77341bdbe6201ba3bfa547ebba8ed64f0ea56bfa5f96ea7c074.js?body=1" for 127.0.0.1 at 2015-07-20 13:49:18 +0200


Started GET "/assets/welcome.self-877aef30ae1b040ab8a3aba4e3e309a11d7f2612f44dde450b5c157aa5f95c05.js?body=1" for 127.0.0.1 at 2015-07-20 13:49:18 +0200


Started GET "/assets/turbolinks.self-c37727e9bd6b2735da5c311aa83fead54ed0be6cc8bd9a65309e9c5abe2cbfff.js?body=1" for 127.0.0.1 at 2015-07-20 13:49:18 +0200


Started GET "/assets/jquery_ujs.self-ca5248a2fad13d6bd58ea121318d642f195f0b2dd818b30615f785ff365e8d1f.js?body=1" for 127.0.0.1 at 2015-07-20 13:49:18 +0200


Started GET "/assets/application.self-3b8dabdc891efe46b9a144b400ad69e37d7e5876bdc39dee783419a69d7ca819.js?body=1" for 127.0.0.1 at 2015-07-20 13:49:18 +0200


Started GET "/radios/new" for 127.0.0.1 at 2015-07-20 13:49:22 +0200
Processing by RadiosController#new as HTML
  Rendered radios/new.html.erb within layouts/application (1.8ms)
Completed 200 OK in 35ms (Views: 34.6ms | ActiveRecord: 0.0ms)


Started GET "/assets/radios.self-e3b0c44298fc1c149afbf4c8996fb92427ae41e4649b934ca495991b7852b855.css?body=1" for 127.0.0.1 at 2015-07-20 13:49:22 +0200


Started GET "/assets/welcome.self-e3b0c44298fc1c149afbf4c8996fb92427ae41e4649b934ca495991b7852b855.css?body=1" for 127.0.0.1 at 2015-07-20 13:49:22 +0200


Started GET "/assets/application.self-e80e8f2318043e8af94dddc2adad5a4f09739a8ebb323b3ab31cd71d45fd9113.css?body=1" for 127.0.0.1 at 2015-07-20 13:49:22 +0200


Started GET "/assets/radios.self-877aef30ae1b040ab8a3aba4e3e309a11d7f2612f44dde450b5c157aa5f95c05.js?body=1" for 127.0.0.1 at 2015-07-20 13:49:22 +0200


Started GET "/assets/jquery.self-d03a5518f45df77341bdbe6201ba3bfa547ebba8ed64f0ea56bfa5f96ea7c074.js?body=1" for 127.0.0.1 at 2015-07-20 13:49:22 +0200


Started GET "/assets/welcome.self-877aef30ae1b040ab8a3aba4e3e309a11d7f2612f44dde450b5c157aa5f95c05.js?body=1" for 127.0.0.1 at 2015-07-20 13:49:22 +0200


Started GET "/assets/turbolinks.self-c37727e9bd6b2735da5c311aa83fead54ed0be6cc8bd9a65309e9c5abe2cbfff.js?body=1" for 127.0.0.1 at 2015-07-20 13:49:22 +0200


Started GET "/assets/jquery_ujs.self-ca5248a2fad13d6bd58ea121318d642f195f0b2dd818b30615f785ff365e8d1f.js?body=1" for 127.0.0.1 at 2015-07-20 13:49:22 +0200


Started GET "/assets/application.self-3b8dabdc891efe46b9a144b400ad69e37d7e5876bdc39dee783419a69d7ca819.js?body=1" for 127.0.0.1 at 2015-07-20 13:49:22 +0200


Started GET "/radios/" for 127.0.0.1 at 2015-07-20 13:49:25 +0200
Processing by RadiosController#index as HTML
  [1m[36mRadio Load (0.2ms)[0m  [1mSELECT "radios".* FROM "radios"[0m
  Rendered radios/index.html.erb within layouts/application (0.8ms)
Completed 200 OK in 57ms (Views: 55.9ms | ActiveRecord: 0.2ms)


Started GET "/radios/" for 127.0.0.1 at 2015-07-20 13:49:27 +0200
Processing by RadiosController#index as HTML
  [1m[35mRadio Load (0.2ms)[0m  SELECT "radios".* FROM "radios"
  Rendered radios/index.html.erb within layouts/application (0.8ms)
Completed 200 OK in 25ms (Views: 24.1ms | ActiveRecord: 0.2ms)


Started GET "/assets/radios.self-e3b0c44298fc1c149afbf4c8996fb92427ae41e4649b934ca495991b7852b855.css?body=1" for 127.0.0.1 at 2015-07-20 13:49:27 +0200


Started GET "/assets/radios.self-877aef30ae1b040ab8a3aba4e3e309a11d7f2612f44dde450b5c157aa5f95c05.js?body=1" for 127.0.0.1 at 2015-07-20 13:49:27 +0200


Started GET "/assets/welcome.self-e3b0c44298fc1c149afbf4c8996fb92427ae41e4649b934ca495991b7852b855.css?body=1" for 127.0.0.1 at 2015-07-20 13:49:27 +0200


Started GET "/assets/jquery.self-d03a5518f45df77341bdbe6201ba3bfa547ebba8ed64f0ea56bfa5f96ea7c074.js?body=1" for 127.0.0.1 at 2015-07-20 13:49:27 +0200


Started GET "/assets/application.self-e80e8f2318043e8af94dddc2adad5a4f09739a8ebb323b3ab31cd71d45fd9113.css?body=1" for 127.0.0.1 at 2015-07-20 13:49:27 +0200


Started GET "/assets/turbolinks.self-c37727e9bd6b2735da5c311aa83fead54ed0be6cc8bd9a65309e9c5abe2cbfff.js?body=1" for 127.0.0.1 at 2015-07-20 13:49:27 +0200


Started GET "/assets/jquery_ujs.self-ca5248a2fad13d6bd58ea121318d642f195f0b2dd818b30615f785ff365e8d1f.js?body=1" for 127.0.0.1 at 2015-07-20 13:49:27 +0200


Started GET "/assets/welcome.self-877aef30ae1b040ab8a3aba4e3e309a11d7f2612f44dde450b5c157aa5f95c05.js?body=1" for 127.0.0.1 at 2015-07-20 13:49:27 +0200


Started GET "/assets/application.self-3b8dabdc891efe46b9a144b400ad69e37d7e5876bdc39dee783419a69d7ca819.js?body=1" for 127.0.0.1 at 2015-07-20 13:49:27 +0200


Started GET "/radios/new" for 127.0.0.1 at 2015-07-20 13:49:30 +0200
Processing by RadiosController#new as HTML
  Rendered radios/new.html.erb within layouts/application (0.9ms)
Completed 200 OK in 26ms (Views: 25.6ms | ActiveRecord: 0.0ms)


Started GET "/radios/new" for 127.0.0.1 at 2015-07-20 13:50:48 +0200
Processing by RadiosController#new as HTML
  Rendered radios/new.html.erb within layouts/application (1.2ms)
Completed 200 OK in 36ms (Views: 35.3ms | ActiveRecord: 0.0ms)


Started GET "/assets/radios.self-e3b0c44298fc1c149afbf4c8996fb92427ae41e4649b934ca495991b7852b855.css?body=1" for 127.0.0.1 at 2015-07-20 13:50:48 +0200


Started GET "/assets/jquery.self-d03a5518f45df77341bdbe6201ba3bfa547ebba8ed64f0ea56bfa5f96ea7c074.js?body=1" for 127.0.0.1 at 2015-07-20 13:50:48 +0200


Started GET "/assets/application.self-e80e8f2318043e8af94dddc2adad5a4f09739a8ebb323b3ab31cd71d45fd9113.css?body=1" for 127.0.0.1 at 2015-07-20 13:50:48 +0200


Started GET "/assets/welcome.self-e3b0c44298fc1c149afbf4c8996fb92427ae41e4649b934ca495991b7852b855.css?body=1" for 127.0.0.1 at 2015-07-20 13:50:48 +0200


Started GET "/assets/jquery_ujs.self-ca5248a2fad13d6bd58ea121318d642f195f0b2dd818b30615f785ff365e8d1f.js?body=1" for 127.0.0.1 at 2015-07-20 13:50:48 +0200


Started GET "/assets/radios.self-877aef30ae1b040ab8a3aba4e3e309a11d7f2612f44dde450b5c157aa5f95c05.js?body=1" for 127.0.0.1 at 2015-07-20 13:50:48 +0200


Started GET "/assets/turbolinks.self-c37727e9bd6b2735da5c311aa83fead54ed0be6cc8bd9a65309e9c5abe2cbfff.js?body=1" for 127.0.0.1 at 2015-07-20 13:50:48 +0200


Started GET "/assets/welcome.self-877aef30ae1b040ab8a3aba4e3e309a11d7f2612f44dde450b5c157aa5f95c05.js?body=1" for 127.0.0.1 at 2015-07-20 13:50:48 +0200


Started GET "/assets/application.self-3b8dabdc891efe46b9a144b400ad69e37d7e5876bdc39dee783419a69d7ca819.js?body=1" for 127.0.0.1 at 2015-07-20 13:50:48 +0200


Started GET "/radios" for 127.0.0.1 at 2015-07-20 13:50:52 +0200
Processing by RadiosController#index as HTML
  [1m[36mRadio Load (0.2ms)[0m  [1mSELECT "radios".* FROM "radios"[0m
  Rendered radios/index.html.erb within layouts/application (0.8ms)
Completed 200 OK in 26ms (Views: 25.2ms | ActiveRecord: 0.2ms)


Started GET "/radios/" for 127.0.0.1 at 2015-07-20 13:51:08 +0200
Processing by RadiosController#index as HTML
  [1m[35mRadio Load (0.2ms)[0m  SELECT "radios".* FROM "radios"
  Rendered radios/index.html.erb within layouts/application (0.7ms)
Completed 200 OK in 28ms (Views: 27.5ms | ActiveRecord: 0.2ms)


Started GET "/radios/new" for 127.0.0.1 at 2015-07-20 13:51:11 +0200
Processing by RadiosController#new as HTML
  Rendered radios/new.html.erb within layouts/application (0.9ms)
Completed 200 OK in 25ms (Views: 24.8ms | ActiveRecord: 0.0ms)


Started GET "/radios" for 127.0.0.1 at 2015-07-20 13:54:14 +0200
Processing by RadiosController#index as HTML
  [1m[36mRadio Load (0.3ms)[0m  [1mSELECT "radios".* FROM "radios"[0m
  Rendered radios/index.html.erb within layouts/application (1.7ms)
Completed 200 OK in 45ms (Views: 44.6ms | ActiveRecord: 0.3ms)


Started GET "/assets/radios.self-e3b0c44298fc1c149afbf4c8996fb92427ae41e4649b934ca495991b7852b855.css?body=1" for 127.0.0.1 at 2015-07-20 13:54:14 +0200


Started GET "/assets/jquery.self-d03a5518f45df77341bdbe6201ba3bfa547ebba8ed64f0ea56bfa5f96ea7c074.js?body=1" for 127.0.0.1 at 2015-07-20 13:54:14 +0200


Started GET "/assets/application.self-e80e8f2318043e8af94dddc2adad5a4f09739a8ebb323b3ab31cd71d45fd9113.css?body=1" for 127.0.0.1 at 2015-07-20 13:54:14 +0200


Started GET "/assets/welcome.self-e3b0c44298fc1c149afbf4c8996fb92427ae41e4649b934ca495991b7852b855.css?body=1" for 127.0.0.1 at 2015-07-20 13:54:14 +0200


Started GET "/assets/jquery_ujs.self-ca5248a2fad13d6bd58ea121318d642f195f0b2dd818b30615f785ff365e8d1f.js?body=1" for 127.0.0.1 at 2015-07-20 13:54:14 +0200


Started GET "/assets/turbolinks.self-c37727e9bd6b2735da5c311aa83fead54ed0be6cc8bd9a65309e9c5abe2cbfff.js?body=1" for 127.0.0.1 at 2015-07-20 13:54:14 +0200


Started GET "/assets/radios.self-877aef30ae1b040ab8a3aba4e3e309a11d7f2612f44dde450b5c157aa5f95c05.js?body=1" for 127.0.0.1 at 2015-07-20 13:54:14 +0200


Started GET "/assets/welcome.self-877aef30ae1b040ab8a3aba4e3e309a11d7f2612f44dde450b5c157aa5f95c05.js?body=1" for 127.0.0.1 at 2015-07-20 13:54:14 +0200


Started GET "/assets/application.self-3b8dabdc891efe46b9a144b400ad69e37d7e5876bdc39dee783419a69d7ca819.js?body=1" for 127.0.0.1 at 2015-07-20 13:54:14 +0200


Started GET "/radios/new" for 127.0.0.1 at 2015-07-20 13:54:23 +0200
Processing by RadiosController#new as HTML
Filter chain halted as #<Proc:0xb3f1297c@/var/lib/gems/1.9.1/gems/actionpack-4.2.3/lib/action_controller/metal/http_authentication.rb:69> rendered or redirected
Completed 401 Unauthorized in 1ms (ActiveRecord: 0.0ms)


Started GET "/radios/new" for 127.0.0.1 at 2015-07-20 13:54:40 +0200
Processing by RadiosController#new as HTML
  Rendered radios/new.html.erb within layouts/application (1.1ms)
Completed 200 OK in 33ms (Views: 32.9ms | ActiveRecord: 0.0ms)


Started GET "/radios" for 127.0.0.1 at 2015-07-20 17:26:52 +0200
  [1m[36mActiveRecord::SchemaMigration Load (0.1ms)[0m  [1mSELECT "schema_migrations".* FROM "schema_migrations"[0m
Processing by RadiosController#index as HTML
  [1m[35mRadio Load (0.2ms)[0m  SELECT "radios".* FROM "radios"
  Rendered radios/index.html.erb within layouts/application (27.0ms)
Completed 200 OK in 236ms (Views: 205.2ms | ActiveRecord: 0.5ms)


Started GET "/assets/radios.self-e3b0c44298fc1c149afbf4c8996fb92427ae41e4649b934ca495991b7852b855.css?body=1" for 127.0.0.1 at 2015-07-20 17:26:53 +0200


Started GET "/assets/welcome.self-e3b0c44298fc1c149afbf4c8996fb92427ae41e4649b934ca495991b7852b855.css?body=1" for 127.0.0.1 at 2015-07-20 17:26:53 +0200


Started GET "/assets/application.self-e80e8f2318043e8af94dddc2adad5a4f09739a8ebb323b3ab31cd71d45fd9113.css?body=1" for 127.0.0.1 at 2015-07-20 17:26:53 +0200


Started GET "/assets/jquery_ujs.self-ca5248a2fad13d6bd58ea121318d642f195f0b2dd818b30615f785ff365e8d1f.js?body=1" for 127.0.0.1 at 2015-07-20 17:26:53 +0200


Started GET "/assets/jquery.self-d03a5518f45df77341bdbe6201ba3bfa547ebba8ed64f0ea56bfa5f96ea7c074.js?body=1" for 127.0.0.1 at 2015-07-20 17:26:53 +0200


Started GET "/assets/radios.self-877aef30ae1b040ab8a3aba4e3e309a11d7f2612f44dde450b5c157aa5f95c05.js?body=1" for 127.0.0.1 at 2015-07-20 17:26:53 +0200


Started GET "/assets/turbolinks.self-c37727e9bd6b2735da5c311aa83fead54ed0be6cc8bd9a65309e9c5abe2cbfff.js?body=1" for 127.0.0.1 at 2015-07-20 17:26:53 +0200


Started GET "/assets/application.self-3b8dabdc891efe46b9a144b400ad69e37d7e5876bdc39dee783419a69d7ca819.js?body=1" for 127.0.0.1 at 2015-07-20 17:26:53 +0200


Started GET "/assets/welcome.self-877aef30ae1b040ab8a3aba4e3e309a11d7f2612f44dde450b5c157aa5f95c05.js?body=1" for 127.0.0.1 at 2015-07-20 17:26:53 +0200


Started GET "/radios" for 127.0.0.1 at 2015-07-20 17:27:14 +0200
Processing by RadiosController#index as HTML
  [1m[36mRadio Load (0.2ms)[0m  [1mSELECT "radios".* FROM "radios"[0m
  Rendered radios/index.html.erb within layouts/application (0.9ms)
Completed 200 OK in 27ms (Views: 26.0ms | ActiveRecord: 0.2ms)


Started GET "/assets/radios.self-e3b0c44298fc1c149afbf4c8996fb92427ae41e4649b934ca495991b7852b855.css?body=1" for 127.0.0.1 at 2015-07-20 17:27:14 +0200


Started GET "/assets/welcome.self-e3b0c44298fc1c149afbf4c8996fb92427ae41e4649b934ca495991b7852b855.css?body=1" for 127.0.0.1 at 2015-07-20 17:27:14 +0200


Started GET "/assets/application.self-e80e8f2318043e8af94dddc2adad5a4f09739a8ebb323b3ab31cd71d45fd9113.css?body=1" for 127.0.0.1 at 2015-07-20 17:27:14 +0200


Started GET "/assets/jquery.self-d03a5518f45df77341bdbe6201ba3bfa547ebba8ed64f0ea56bfa5f96ea7c074.js?body=1" for 127.0.0.1 at 2015-07-20 17:27:14 +0200


Started GET "/assets/jquery_ujs.self-ca5248a2fad13d6bd58ea121318d642f195f0b2dd818b30615f785ff365e8d1f.js?body=1" for 127.0.0.1 at 2015-07-20 17:27:14 +0200


Started GET "/assets/turbolinks.self-c37727e9bd6b2735da5c311aa83fead54ed0be6cc8bd9a65309e9c5abe2cbfff.js?body=1" for 127.0.0.1 at 2015-07-20 17:27:14 +0200


Started GET "/assets/radios.self-877aef30ae1b040ab8a3aba4e3e309a11d7f2612f44dde450b5c157aa5f95c05.js?body=1" for 127.0.0.1 at 2015-07-20 17:27:14 +0200


Started GET "/assets/welcome.self-877aef30ae1b040ab8a3aba4e3e309a11d7f2612f44dde450b5c157aa5f95c05.js?body=1" for 127.0.0.1 at 2015-07-20 17:27:14 +0200


Started GET "/assets/application.self-3b8dabdc891efe46b9a144b400ad69e37d7e5876bdc39dee783419a69d7ca819.js?body=1" for 127.0.0.1 at 2015-07-20 17:27:14 +0200


Started GET "/" for 127.0.0.1 at 2015-07-20 18:49:49 +0200
  [1m[36mActiveRecord::SchemaMigration Load (0.1ms)[0m  [1mSELECT "schema_migrations".* FROM "schema_migrations"[0m
Processing by WelcomeController#index as HTML
  Rendered welcome/index.html.erb within layouts/application (20.5ms)
Completed 200 OK in 475ms (Views: 445.3ms | ActiveRecord: 0.0ms)
